running develop
running egg_info
creating motor_controller.egg-info
writing motor_controller.egg-info/PKG-INFO
writing dependency_links to motor_controller.egg-info/dependency_links.txt
writing entry points to motor_controller.egg-info/entry_points.txt
writing requirements to motor_controller.egg-info/requires.txt
writing top-level names to motor_controller.egg-info/top_level.txt
writing manifest file 'motor_controller.egg-info/SOURCES.txt'
reading manifest file 'motor_controller.egg-info/SOURCES.txt'
writing manifest file 'motor_controller.egg-info/SOURCES.txt'
running build_ext
Creating /home/tolgahan/pathron/pathron_ros2_ws/install/motor_controller/lib/python3.12/site-packages/motor-controller.egg-link (link to .)
Installing keyboard_driver script to /home/tolgahan/pathron/pathron_ros2_ws/install/motor_controller/lib/motor_controller
Installing motor_controller script to /home/tolgahan/pathron/pathron_ros2_ws/install/motor_controller/lib/motor_controller

Installed /home/tolgahan/pathron/pathron_ros2_ws/build/motor_controller
running symlink_data
creating /home/tolgahan/pathron/pathron_ros2_ws/install/motor_controller/share/ament_index
creating /home/tolgahan/pathron/pathron_ros2_ws/install/motor_controller/share/ament_index/resource_index
creating /home/tolgahan/pathron/pathron_ros2_ws/install/motor_controller/share/ament_index/resource_index/packages
symbolically linking /home/tolgahan/pathron/pathron_ros2_ws/build/motor_controller/resource/motor_controller -> /home/tolgahan/pathron/pathron_ros2_ws/install/motor_controller/share/ament_index/resource_index/packages
symbolically linking /home/tolgahan/pathron/pathron_ros2_ws/build/motor_controller/package.xml -> /home/tolgahan/pathron/pathron_ros2_ws/install/motor_controller/share/motor_controller
