[0.482s] Invoking command in '/home/tolgahan/pathron/pathron_ros2_ws/build/motor_controller': DEBUGINFOD_URLS=https://debuginfod.ubuntu.com PYTHONPATH=/home/tolgahan/pathron/pathron_ros2_ws/build/motor_controller/prefix_override:/usr/lib/python3/dist-packages/colcon_core/task/python/colcon_distutils_commands:/home/tolgahan/pathron/pathron_ros2_ws/install/motor_controller/lib/python3.12/site-packages:/home/tolgahan/pathron/pathron_ros2_ws/install/custom_interfaces/lib/python3.12/site-packages:/home/tolgahan/pathron_ros2_ws/build/motor_controller:/home/tolgahan/pathron/pathron_ros2_ws/install/motor_controller/lib/python3.12/site-packages:/opt/ros/jazzy/lib/python3.12/site-packages /usr/bin/python3 -W ignore:setup.py install is deprecated -W ignore:easy_install command is deprecated setup.py develop --editable --build-directory /home/tolgahan/pathron/pathron_ros2_ws/build/motor_controller/build --no-deps symlink_data
[0.664s] running develop
[0.769s] running egg_info
[0.769s] creating motor_controller.egg-info
[0.781s] writing motor_controller.egg-info/PKG-INFO
[0.781s] writing dependency_links to motor_controller.egg-info/dependency_links.txt
[0.781s] writing entry points to motor_controller.egg-info/entry_points.txt
[0.781s] writing requirements to motor_controller.egg-info/requires.txt
[0.781s] writing top-level names to motor_controller.egg-info/top_level.txt
[0.781s] writing manifest file 'motor_controller.egg-info/SOURCES.txt'
[0.804s] reading manifest file 'motor_controller.egg-info/SOURCES.txt'
[0.806s] writing manifest file 'motor_controller.egg-info/SOURCES.txt'
[0.817s] running build_ext
[0.817s] Creating /home/tolgahan/pathron/pathron_ros2_ws/install/motor_controller/lib/python3.12/site-packages/motor-controller.egg-link (link to .)
[0.817s] Installing keyboard_driver script to /home/tolgahan/pathron/pathron_ros2_ws/install/motor_controller/lib/motor_controller
[0.817s] Installing motor_controller script to /home/tolgahan/pathron/pathron_ros2_ws/install/motor_controller/lib/motor_controller
[0.817s] 
[0.817s] Installed /home/tolgahan/pathron/pathron_ros2_ws/build/motor_controller
[0.817s] running symlink_data
[0.817s] creating /home/tolgahan/pathron/pathron_ros2_ws/install/motor_controller/share/ament_index
[0.817s] creating /home/tolgahan/pathron/pathron_ros2_ws/install/motor_controller/share/ament_index/resource_index
[0.818s] creating /home/tolgahan/pathron/pathron_ros2_ws/install/motor_controller/share/ament_index/resource_index/packages
[0.818s] symbolically linking /home/tolgahan/pathron/pathron_ros2_ws/build/motor_controller/resource/motor_controller -> /home/tolgahan/pathron/pathron_ros2_ws/install/motor_controller/share/ament_index/resource_index/packages
[0.818s] symbolically linking /home/tolgahan/pathron/pathron_ros2_ws/build/motor_controller/package.xml -> /home/tolgahan/pathron/pathron_ros2_ws/install/motor_controller/share/motor_controller
[0.841s] Invoked command in '/home/tolgahan/pathron/pathron_ros2_ws/build/motor_controller' returned '0': DEBUGINFOD_URLS=https://debuginfod.ubuntu.com PYTHONPATH=/home/tolgahan/pathron/pathron_ros2_ws/build/motor_controller/prefix_override:/usr/lib/python3/dist-packages/colcon_core/task/python/colcon_distutils_commands:/home/tolgahan/pathron/pathron_ros2_ws/install/motor_controller/lib/python3.12/site-packages:/home/tolgahan/pathron/pathron_ros2_ws/install/custom_interfaces/lib/python3.12/site-packages:/home/tolgahan/pathron_ros2_ws/build/motor_controller:/home/tolgahan/pathron/pathron_ros2_ws/install/motor_controller/lib/python3.12/site-packages:/opt/ros/jazzy/lib/python3.12/site-packages /usr/bin/python3 -W ignore:setup.py install is deprecated -W ignore:easy_install command is deprecated setup.py develop --editable --build-directory /home/tolgahan/pathron/pathron_ros2_ws/build/motor_controller/build --no-deps symlink_data
