[0.007s] Invoking command in '/home/tolgahan/pathron_ros2_ws/build/custom_interfaces': CMAKE_PREFIX_PATH=${CMAKE_PREFIX_PATH}:/home/tolgahan/pathron_ros2_ws/install/motor_controller:/opt/ros/jazzy DEBUGINFOD_URLS=https://debuginfod.ubuntu.com /usr/bin/cmake /home/tolgahan/pathron_ros2_ws/src/custom_interfaces -DAMENT_CMAKE_SYMLINK_INSTALL=1 -DCMAKE_INSTALL_PREFIX=/home/tolgahan/pathron_ros2_ws/install/custom_interfaces
[0.046s] -- The C compiler identification is GNU 13.3.0
[0.084s] -- The CXX compiler identification is GNU 13.3.0
[0.099s] -- Detecting C compiler ABI info
[0.169s] -- Detecting C compiler ABI info - done
[0.175s] -- Check for working C compiler: /usr/bin/cc - skipped
[0.175s] -- Detecting C compile features
[0.175s] -- Detecting C compile features - done
[0.181s] -- Detecting CXX compiler ABI info
[0.255s] -- Detecting CXX compiler ABI info - done
[0.261s] -- Check for working CXX compiler: /usr/bin/c++ - skipped
[0.261s] -- Detecting CXX compile features
[0.261s] -- Detecting CXX compile features - done
[0.264s] -- Found ament_cmake: 2.5.4 (/opt/ros/jazzy/share/ament_cmake/cmake)
[0.371s] -- Found Python3: /usr/bin/python3 (found version "3.12.3") found components: Interpreter 
[0.422s] -- Override CMake install command with custom implementation using symlinks instead of copying resources
[0.455s] -- Found geometry_msgs: 5.3.6 (/opt/ros/jazzy/share/geometry_msgs/cmake)
[0.488s] -- Found rosidl_generator_c: 4.6.5 (/opt/ros/jazzy/share/rosidl_generator_c/cmake)
[0.499s] -- Found rosidl_generator_cpp: 4.6.5 (/opt/ros/jazzy/share/rosidl_generator_cpp/cmake)
[0.511s] -- Using all available rosidl_typesupport_c: rosidl_typesupport_fastrtps_c;rosidl_typesupport_introspection_c
[0.525s] -- Using all available rosidl_typesupport_cpp: rosidl_typesupport_fastrtps_cpp;rosidl_typesupport_introspection_cpp
[0.558s] -- Found rosidl_default_generators: 1.6.0 (/opt/ros/jazzy/share/rosidl_default_generators/cmake)
[0.570s] -- Found rosidl_adapter: 4.6.5 (/opt/ros/jazzy/share/rosidl_adapter/cmake)
[0.984s] -- Found ament_cmake_ros: 0.12.0 (/opt/ros/jazzy/share/ament_cmake_ros/cmake)
[1.548s] -- Using all available rosidl_typesupport_c: rosidl_typesupport_fastrtps_c;rosidl_typesupport_introspection_c
[1.770s] -- Using all available rosidl_typesupport_cpp: rosidl_typesupport_fastrtps_cpp;rosidl_typesupport_introspection_cpp
[1.773s] -- Found python_cmake_module: 0.11.1 (/opt/ros/jazzy/share/python_cmake_module/cmake)
[1.873s] -- Found PythonExtra: /usr/bin/python3  
[2.188s] -- Found Python3: /usr/bin/python3 (found version "3.12.3") found components: Interpreter Development NumPy Development.Module Development.Embed 
[2.232s] -- Found ament_lint_auto: 0.17.2 (/opt/ros/jazzy/share/ament_lint_auto/cmake)
[2.253s] -- Added test 'lint_cmake' to check CMake code style
[2.254s] -- Added test 'xmllint' to check XML markup files
[2.256s] -- Configuring done (2.2s)
[2.278s] -- Generating done (0.0s)
[2.285s] -- Build files have been written to: /home/tolgahan/pathron_ros2_ws/build/custom_interfaces
[2.292s] Invoked command in '/home/tolgahan/pathron_ros2_ws/build/custom_interfaces' returned '0': CMAKE_PREFIX_PATH=${CMAKE_PREFIX_PATH}:/home/tolgahan/pathron_ros2_ws/install/motor_controller:/opt/ros/jazzy DEBUGINFOD_URLS=https://debuginfod.ubuntu.com /usr/bin/cmake /home/tolgahan/pathron_ros2_ws/src/custom_interfaces -DAMENT_CMAKE_SYMLINK_INSTALL=1 -DCMAKE_INSTALL_PREFIX=/home/tolgahan/pathron_ros2_ws/install/custom_interfaces
[2.294s] Invoking command in '/home/tolgahan/pathron_ros2_ws/build/custom_interfaces': CMAKE_PREFIX_PATH=${CMAKE_PREFIX_PATH}:/home/tolgahan/pathron_ros2_ws/install/motor_controller:/opt/ros/jazzy DEBUGINFOD_URLS=https://debuginfod.ubuntu.com /usr/bin/cmake --build /home/tolgahan/pathron_ros2_ws/build/custom_interfaces -- -j12 -l12
[2.338s] [  2%] [34m[1mGenerating type hashes for ROS interfaces[0m
[2.342s] [  2%] Built target ament_cmake_python_symlink_custom_interfaces
[2.460s] [  2%] Built target custom_interfaces__rosidl_generator_type_description
[2.467s] [  5%] [34m[1mGenerating C code for ROS interfaces[0m
[2.476s] [  8%] [34m[1mGenerating C++ code for ROS interfaces[0m
[2.492s] running egg_info
[2.493s] creating custom_interfaces.egg-info
[2.504s] writing custom_interfaces.egg-info/PKG-INFO
[2.505s] writing dependency_links to custom_interfaces.egg-info/dependency_links.txt
[2.505s] writing top-level names to custom_interfaces.egg-info/top_level.txt
[2.505s] writing manifest file 'custom_interfaces.egg-info/SOURCES.txt'
[2.541s] reading manifest file 'custom_interfaces.egg-info/SOURCES.txt'
[2.541s] writing manifest file 'custom_interfaces.egg-info/SOURCES.txt'
[2.565s] [  8%] Built target ament_cmake_python_build_custom_interfaces_egg
[2.637s] [ 11%] [32mBuilding C object CMakeFiles/custom_interfaces__rosidl_generator_c.dir/rosidl_generator_c/custom_interfaces/msg/detail/motor_control__functions.c.o[0m
[2.638s] [ 14%] [32mBuilding C object CMakeFiles/custom_interfaces__rosidl_generator_c.dir/rosidl_generator_c/custom_interfaces/msg/detail/motor_control__description.c.o[0m
[2.640s] [ 17%] [32mBuilding C object CMakeFiles/custom_interfaces__rosidl_generator_c.dir/rosidl_generator_c/custom_interfaces/msg/detail/motor_control__type_support.c.o[0m
[2.643s] [ 17%] Built target custom_interfaces__cpp
[2.675s] [ 20%] [32m[1mLinking C shared library libcustom_interfaces__rosidl_generator_c.so[0m
[2.703s] [ 20%] Built target custom_interfaces__rosidl_generator_c
[2.710s] [ 29%] [34m[1mGenerating C++ type support for eProsima Fast-RTPS[0m
[2.710s] [ 29%] [34m[1mGenerating C++ introspection for ROS interfaces[0m
[2.710s] [ 29%] [34m[1mGenerating C introspection for ROS interfaces[0m
[2.711s] [ 35%] [34m[1mGenerating C type support for eProsima Fast-RTPS[0m
[2.711s] [ 35%] [34m[1mGenerating C++ type support dispatch for ROS interfaces[0m
[2.712s] [ 38%] [34m[1mGenerating C type support dispatch for ROS interfaces[0m
[2.858s] [ 41%] [32mBuilding CXX object CMakeFiles/custom_interfaces__rosidl_typesupport_introspection_cpp.dir/rosidl_typesupport_introspection_cpp/custom_interfaces/msg/detail/motor_control__type_support.cpp.o[0m
[2.870s] [ 44%] [32mBuilding C object CMakeFiles/custom_interfaces__rosidl_typesupport_introspection_c.dir/rosidl_typesupport_introspection_c/custom_interfaces/msg/detail/motor_control__type_support.c.o[0m
[2.872s] [ 47%] [32mBuilding CXX object CMakeFiles/custom_interfaces__rosidl_typesupport_fastrtps_cpp.dir/rosidl_typesupport_fastrtps_cpp/custom_interfaces/msg/detail/dds_fastrtps/motor_control__type_support.cpp.o[0m
[2.874s] [ 50%] [32mBuilding CXX object CMakeFiles/custom_interfaces__rosidl_typesupport_c.dir/rosidl_typesupport_c/custom_interfaces/msg/motor_control__type_support.cpp.o[0m
[2.896s] [ 52%] [32mBuilding CXX object CMakeFiles/custom_interfaces__rosidl_typesupport_cpp.dir/rosidl_typesupport_cpp/custom_interfaces/msg/motor_control__type_support.cpp.o[0m
[2.898s] [ 55%] [32m[1mLinking C shared library libcustom_interfaces__rosidl_typesupport_introspection_c.so[0m
[2.901s] [ 58%] [32m[1mLinking CXX shared library libcustom_interfaces__rosidl_typesupport_c.so[0m
[2.928s] [ 58%] Built target custom_interfaces__rosidl_typesupport_introspection_c
[2.929s] [ 58%] Built target custom_interfaces__rosidl_typesupport_c
[2.959s] [ 61%] [32mBuilding CXX object CMakeFiles/custom_interfaces__rosidl_typesupport_fastrtps_c.dir/rosidl_typesupport_fastrtps_c/custom_interfaces/msg/detail/motor_control__type_support_c.cpp.o[0m
[3.046s] [ 64%] [32m[1mLinking CXX shared library libcustom_interfaces__rosidl_typesupport_introspection_cpp.so[0m
[3.078s] [ 67%] [32m[1mLinking CXX shared library libcustom_interfaces__rosidl_typesupport_cpp.so[0m
[3.083s] [ 67%] Built target custom_interfaces__rosidl_typesupport_introspection_cpp
[3.113s] [ 67%] Built target custom_interfaces__rosidl_typesupport_cpp
[3.157s] [ 70%] [32m[1mLinking CXX shared library libcustom_interfaces__rosidl_typesupport_fastrtps_cpp.so[0m
[3.191s] [ 70%] Built target custom_interfaces__rosidl_typesupport_fastrtps_cpp
[3.217s] [ 73%] [32m[1mLinking CXX shared library libcustom_interfaces__rosidl_typesupport_fastrtps_c.so[0m
[3.254s] [ 73%] Built target custom_interfaces__rosidl_typesupport_fastrtps_c
[3.271s] [ 73%] Built target custom_interfaces
[3.287s] [ 76%] [34m[1mGenerating Python code for ROS interfaces[0m
[3.452s] [ 76%] Built target custom_interfaces__py
[3.471s] [ 79%] [32mBuilding C object CMakeFiles/custom_interfaces__rosidl_generator_py.dir/rosidl_generator_py/custom_interfaces/msg/_motor_control_s.c.o[0m
[3.549s] [ 82%] [32m[1mLinking C shared library libcustom_interfaces__rosidl_generator_py.so[0m
[3.591s] [ 82%] Built target custom_interfaces__rosidl_generator_py
[3.606s] [ 85%] [32mBuilding C object CMakeFiles/custom_interfaces_s__rosidl_typesupport_fastrtps_c.dir/rosidl_generator_py/custom_interfaces/_custom_interfaces_s.ep.rosidl_typesupport_fastrtps_c.c.o[0m
[3.608s] [ 88%] [32mBuilding C object CMakeFiles/custom_interfaces_s__rosidl_typesupport_c.dir/rosidl_generator_py/custom_interfaces/_custom_interfaces_s.ep.rosidl_typesupport_c.c.o[0m
[3.610s] [ 91%] [32mBuilding C object CMakeFiles/custom_interfaces_s__rosidl_typesupport_introspection_c.dir/rosidl_generator_py/custom_interfaces/_custom_interfaces_s.ep.rosidl_typesupport_introspection_c.c.o[0m
[3.683s] [ 97%] [32m[1mLinking C shared module rosidl_generator_py/custom_interfaces/custom_interfaces_s__rosidl_typesupport_fastrtps_c.so[0m
[3.683s] [ 97%] [32m[1mLinking C shared module rosidl_generator_py/custom_interfaces/custom_interfaces_s__rosidl_typesupport_c.so[0m
[3.709s] [100%] Built target custom_interfaces_s__rosidl_typesupport_fastrtps_c
[3.709s] [100%] [32m[1mLinking C shared module rosidl_generator_py/custom_interfaces/custom_interfaces_s__rosidl_typesupport_introspection_c.so[0m
[3.709s] [100%] Built target custom_interfaces_s__rosidl_typesupport_c
[3.732s] [100%] Built target custom_interfaces_s__rosidl_typesupport_introspection_c
[3.744s] Invoked command in '/home/tolgahan/pathron_ros2_ws/build/custom_interfaces' returned '0': CMAKE_PREFIX_PATH=${CMAKE_PREFIX_PATH}:/home/tolgahan/pathron_ros2_ws/install/motor_controller:/opt/ros/jazzy DEBUGINFOD_URLS=https://debuginfod.ubuntu.com /usr/bin/cmake --build /home/tolgahan/pathron_ros2_ws/build/custom_interfaces -- -j12 -l12
[3.754s] Invoking command in '/home/tolgahan/pathron_ros2_ws/build/custom_interfaces': CMAKE_PREFIX_PATH=${CMAKE_PREFIX_PATH}:/home/tolgahan/pathron_ros2_ws/install/motor_controller:/opt/ros/jazzy DEBUGINFOD_URLS=https://debuginfod.ubuntu.com /usr/bin/cmake --install /home/tolgahan/pathron_ros2_ws/build/custom_interfaces
[3.764s] -- Install configuration: ""
[3.764s] -- Execute custom install script
[3.764s] -- Symlinking: /home/tolgahan/pathron_ros2_ws/install/custom_interfaces/share/ament_index/resource_index/rosidl_interfaces/custom_interfaces
[3.774s] -- Symlinking: /home/tolgahan/pathron_ros2_ws/install/custom_interfaces/share/custom_interfaces/msg/MotorControl.json
[3.781s] -- Symlinking: /home/tolgahan/pathron_ros2_ws/install/custom_interfaces/include/custom_interfaces/custom_interfaces/msg/detail/motor_control__functions.h
[3.790s] -- Symlinking: /home/tolgahan/pathron_ros2_ws/install/custom_interfaces/include/custom_interfaces/custom_interfaces/msg/detail/motor_control__struct.h
[3.799s] -- Symlinking: /home/tolgahan/pathron_ros2_ws/install/custom_interfaces/include/custom_interfaces/custom_interfaces/msg/detail/motor_control__type_support.h
[3.808s] -- Symlinking: /home/tolgahan/pathron_ros2_ws/install/custom_interfaces/include/custom_interfaces/custom_interfaces/msg/motor_control.h
[3.817s] -- Symlinking: /home/tolgahan/pathron_ros2_ws/install/custom_interfaces/include/custom_interfaces/custom_interfaces/msg/rosidl_generator_c__visibility_control.h
[3.824s] -- Symlinking: /home/tolgahan/pathron_ros2_ws/install/custom_interfaces/share/custom_interfaces/environment/library_path.sh
[3.834s] -- Symlinking: /home/tolgahan/pathron_ros2_ws/install/custom_interfaces/share/custom_interfaces/environment/library_path.dsv
[3.841s] -- Symlinking: /home/tolgahan/pathron_ros2_ws/install/custom_interfaces/include/custom_interfaces/custom_interfaces/msg/detail/motor_control__rosidl_typesupport_fastrtps_c.h
[3.848s] -- Symlinking: /home/tolgahan/pathron_ros2_ws/install/custom_interfaces/include/custom_interfaces/custom_interfaces/msg/rosidl_typesupport_fastrtps_c__visibility_control.h
[3.855s] -- Symlinking: /home/tolgahan/pathron_ros2_ws/install/custom_interfaces/include/custom_interfaces/custom_interfaces/msg/detail/motor_control__builder.hpp
[3.861s] -- Symlinking: /home/tolgahan/pathron_ros2_ws/install/custom_interfaces/include/custom_interfaces/custom_interfaces/msg/detail/motor_control__struct.hpp
[3.868s] -- Symlinking: /home/tolgahan/pathron_ros2_ws/install/custom_interfaces/include/custom_interfaces/custom_interfaces/msg/detail/motor_control__traits.hpp
[3.874s] -- Symlinking: /home/tolgahan/pathron_ros2_ws/install/custom_interfaces/include/custom_interfaces/custom_interfaces/msg/detail/motor_control__type_support.hpp
[3.881s] -- Symlinking: /home/tolgahan/pathron_ros2_ws/install/custom_interfaces/include/custom_interfaces/custom_interfaces/msg/motor_control.hpp
[3.887s] -- Symlinking: /home/tolgahan/pathron_ros2_ws/install/custom_interfaces/include/custom_interfaces/custom_interfaces/msg/rosidl_generator_cpp__visibility_control.hpp
[3.893s] -- Symlinking: /home/tolgahan/pathron_ros2_ws/install/custom_interfaces/include/custom_interfaces/custom_interfaces/msg/detail/motor_control__rosidl_typesupport_fastrtps_cpp.hpp
[3.899s] -- Symlinking: /home/tolgahan/pathron_ros2_ws/install/custom_interfaces/include/custom_interfaces/custom_interfaces/msg/rosidl_typesupport_fastrtps_cpp__visibility_control.h
[3.906s] -- Symlinking: /home/tolgahan/pathron_ros2_ws/install/custom_interfaces/include/custom_interfaces/custom_interfaces/msg/detail/motor_control__rosidl_typesupport_introspection_c.h
[3.912s] -- Symlinking: /home/tolgahan/pathron_ros2_ws/install/custom_interfaces/include/custom_interfaces/custom_interfaces/msg/rosidl_typesupport_introspection_c__visibility_control.h
[3.919s] -- Symlinking: /home/tolgahan/pathron_ros2_ws/install/custom_interfaces/include/custom_interfaces/custom_interfaces/msg/detail/motor_control__rosidl_typesupport_introspection_cpp.hpp
[3.926s] -- Symlinking: /home/tolgahan/pathron_ros2_ws/install/custom_interfaces/share/custom_interfaces/environment/pythonpath.sh
[3.934s] -- Symlinking: /home/tolgahan/pathron_ros2_ws/install/custom_interfaces/share/custom_interfaces/environment/pythonpath.dsv
[3.942s] -- Symlinking: /home/tolgahan/pathron_ros2_ws/install/custom_interfaces/lib/python3.12/site-packages/custom_interfaces-0.0.0-py3.12.egg-info/PKG-INFO
[3.951s] -- Symlinking: /home/tolgahan/pathron_ros2_ws/install/custom_interfaces/lib/python3.12/site-packages/custom_interfaces-0.0.0-py3.12.egg-info/SOURCES.txt
[3.957s] -- Symlinking: /home/tolgahan/pathron_ros2_ws/install/custom_interfaces/lib/python3.12/site-packages/custom_interfaces-0.0.0-py3.12.egg-info/dependency_links.txt
[3.964s] -- Symlinking: /home/tolgahan/pathron_ros2_ws/install/custom_interfaces/lib/python3.12/site-packages/custom_interfaces-0.0.0-py3.12.egg-info/top_level.txt
[3.972s] -- Symlinking: /home/tolgahan/pathron_ros2_ws/install/custom_interfaces/lib/python3.12/site-packages/custom_interfaces/__init__.py
[3.980s] -- Symlinking: /home/tolgahan/pathron_ros2_ws/install/custom_interfaces/lib/python3.12/site-packages/custom_interfaces/_custom_interfaces_s.ep.rosidl_typesupport_c.c
[3.986s] -- Symlinking: /home/tolgahan/pathron_ros2_ws/install/custom_interfaces/lib/python3.12/site-packages/custom_interfaces/_custom_interfaces_s.ep.rosidl_typesupport_fastrtps_c.c
[3.992s] -- Symlinking: /home/tolgahan/pathron_ros2_ws/install/custom_interfaces/lib/python3.12/site-packages/custom_interfaces/_custom_interfaces_s.ep.rosidl_typesupport_introspection_c.c
[4.000s] -- Symlinking: /home/tolgahan/pathron_ros2_ws/install/custom_interfaces/lib/python3.12/site-packages/custom_interfaces/custom_interfaces_s__rosidl_typesupport_c.so
[4.009s] -- Symlinking: /home/tolgahan/pathron_ros2_ws/install/custom_interfaces/lib/python3.12/site-packages/custom_interfaces/custom_interfaces_s__rosidl_typesupport_fastrtps_c.so
[4.015s] -- Symlinking: /home/tolgahan/pathron_ros2_ws/install/custom_interfaces/lib/python3.12/site-packages/custom_interfaces/custom_interfaces_s__rosidl_typesupport_introspection_c.so
[4.021s] -- Symlinking: /home/tolgahan/pathron_ros2_ws/install/custom_interfaces/lib/python3.12/site-packages/custom_interfaces/msg/__init__.py
[4.028s] -- Symlinking: /home/tolgahan/pathron_ros2_ws/install/custom_interfaces/lib/python3.12/site-packages/custom_interfaces/msg/_motor_control.py
[4.037s] -- Symlinking: /home/tolgahan/pathron_ros2_ws/install/custom_interfaces/lib/python3.12/site-packages/custom_interfaces/msg/_motor_control_s.c
[4.046s] -- Up-to-date symlink: /home/tolgahan/pathron_ros2_ws/install/custom_interfaces/lib/python3.12/site-packages/custom_interfaces/custom_interfaces_s__rosidl_typesupport_fastrtps_c.so
[4.046s] -- Up-to-date symlink: /home/tolgahan/pathron_ros2_ws/install/custom_interfaces/lib/python3.12/site-packages/custom_interfaces/custom_interfaces_s__rosidl_typesupport_introspection_c.so
[4.046s] -- Up-to-date symlink: /home/tolgahan/pathron_ros2_ws/install/custom_interfaces/lib/python3.12/site-packages/custom_interfaces/custom_interfaces_s__rosidl_typesupport_c.so
[4.046s] -- Symlinking: /home/tolgahan/pathron_ros2_ws/install/custom_interfaces/share/custom_interfaces/msg/MotorControl.idl
[4.054s] -- Symlinking: /home/tolgahan/pathron_ros2_ws/install/custom_interfaces/share/custom_interfaces/msg/MotorControl.msg
[4.063s] -- Symlinking: /home/tolgahan/pathron_ros2_ws/install/custom_interfaces/share/ament_index/resource_index/package_run_dependencies/custom_interfaces
[4.072s] -- Symlinking: /home/tolgahan/pathron_ros2_ws/install/custom_interfaces/share/ament_index/resource_index/parent_prefix_path/custom_interfaces
[4.080s] -- Symlinking: /home/tolgahan/pathron_ros2_ws/install/custom_interfaces/share/custom_interfaces/environment/ament_prefix_path.sh
[4.087s] -- Symlinking: /home/tolgahan/pathron_ros2_ws/install/custom_interfaces/share/custom_interfaces/environment/ament_prefix_path.dsv
[4.095s] -- Symlinking: /home/tolgahan/pathron_ros2_ws/install/custom_interfaces/share/custom_interfaces/environment/path.sh
[4.104s] -- Symlinking: /home/tolgahan/pathron_ros2_ws/install/custom_interfaces/share/custom_interfaces/environment/path.dsv
[4.110s] -- Symlinking: /home/tolgahan/pathron_ros2_ws/install/custom_interfaces/share/custom_interfaces/local_setup.bash
[4.119s] -- Symlinking: /home/tolgahan/pathron_ros2_ws/install/custom_interfaces/share/custom_interfaces/local_setup.sh
[4.128s] -- Symlinking: /home/tolgahan/pathron_ros2_ws/install/custom_interfaces/share/custom_interfaces/local_setup.zsh
[4.135s] -- Symlinking: /home/tolgahan/pathron_ros2_ws/install/custom_interfaces/share/custom_interfaces/local_setup.dsv
[4.143s] -- Symlinking: /home/tolgahan/pathron_ros2_ws/install/custom_interfaces/share/custom_interfaces/package.dsv
[4.151s] -- Symlinking: /home/tolgahan/pathron_ros2_ws/install/custom_interfaces/share/ament_index/resource_index/packages/custom_interfaces
[4.158s] -- Symlinking: /home/tolgahan/pathron_ros2_ws/install/custom_interfaces/share/custom_interfaces/cmake/rosidl_cmake-extras.cmake
[4.165s] -- Symlinking: /home/tolgahan/pathron_ros2_ws/install/custom_interfaces/share/custom_interfaces/cmake/ament_cmake_export_dependencies-extras.cmake
[4.171s] -- Symlinking: /home/tolgahan/pathron_ros2_ws/install/custom_interfaces/share/custom_interfaces/cmake/ament_cmake_export_include_directories-extras.cmake
[4.179s] -- Symlinking: /home/tolgahan/pathron_ros2_ws/install/custom_interfaces/share/custom_interfaces/cmake/ament_cmake_export_libraries-extras.cmake
[4.188s] -- Symlinking: /home/tolgahan/pathron_ros2_ws/install/custom_interfaces/share/custom_interfaces/cmake/ament_cmake_export_targets-extras.cmake
[4.194s] -- Symlinking: /home/tolgahan/pathron_ros2_ws/install/custom_interfaces/share/custom_interfaces/cmake/rosidl_cmake_export_typesupport_targets-extras.cmake
[4.203s] -- Symlinking: /home/tolgahan/pathron_ros2_ws/install/custom_interfaces/share/custom_interfaces/cmake/rosidl_cmake_export_typesupport_libraries-extras.cmake
[4.211s] -- Symlinking: /home/tolgahan/pathron_ros2_ws/install/custom_interfaces/share/custom_interfaces/cmake/custom_interfacesConfig.cmake
[4.219s] -- Symlinking: /home/tolgahan/pathron_ros2_ws/install/custom_interfaces/share/custom_interfaces/cmake/custom_interfacesConfig-version.cmake
[4.225s] -- Symlinking: /home/tolgahan/pathron_ros2_ws/install/custom_interfaces/share/custom_interfaces/package.xml
[4.232s] -- Installing: /home/tolgahan/pathron_ros2_ws/install/custom_interfaces/lib/libcustom_interfaces__rosidl_generator_c.so
[4.232s] -- Set non-toolchain portion of runtime path of "/home/tolgahan/pathron_ros2_ws/install/custom_interfaces/lib/libcustom_interfaces__rosidl_generator_c.so" to ""
[4.232s] -- Installing: /home/tolgahan/pathron_ros2_ws/install/custom_interfaces/lib/libcustom_interfaces__rosidl_typesupport_fastrtps_c.so
[4.232s] -- Set non-toolchain portion of runtime path of "/home/tolgahan/pathron_ros2_ws/install/custom_interfaces/lib/libcustom_interfaces__rosidl_typesupport_fastrtps_c.so" to ""
[4.232s] -- Installing: /home/tolgahan/pathron_ros2_ws/install/custom_interfaces/lib/libcustom_interfaces__rosidl_typesupport_fastrtps_cpp.so
[4.232s] -- Set non-toolchain portion of runtime path of "/home/tolgahan/pathron_ros2_ws/install/custom_interfaces/lib/libcustom_interfaces__rosidl_typesupport_fastrtps_cpp.so" to ""
[4.232s] -- Installing: /home/tolgahan/pathron_ros2_ws/install/custom_interfaces/lib/libcustom_interfaces__rosidl_typesupport_introspection_c.so
[4.233s] -- Set non-toolchain portion of runtime path of "/home/tolgahan/pathron_ros2_ws/install/custom_interfaces/lib/libcustom_interfaces__rosidl_typesupport_introspection_c.so" to ""
[4.233s] -- Installing: /home/tolgahan/pathron_ros2_ws/install/custom_interfaces/lib/libcustom_interfaces__rosidl_typesupport_c.so
[4.233s] -- Set non-toolchain portion of runtime path of "/home/tolgahan/pathron_ros2_ws/install/custom_interfaces/lib/libcustom_interfaces__rosidl_typesupport_c.so" to ""
[4.233s] -- Installing: /home/tolgahan/pathron_ros2_ws/install/custom_interfaces/lib/libcustom_interfaces__rosidl_typesupport_introspection_cpp.so
[4.233s] -- Set non-toolchain portion of runtime path of "/home/tolgahan/pathron_ros2_ws/install/custom_interfaces/lib/libcustom_interfaces__rosidl_typesupport_introspection_cpp.so" to ""
[4.233s] -- Installing: /home/tolgahan/pathron_ros2_ws/install/custom_interfaces/lib/libcustom_interfaces__rosidl_typesupport_cpp.so
[4.233s] -- Set non-toolchain portion of runtime path of "/home/tolgahan/pathron_ros2_ws/install/custom_interfaces/lib/libcustom_interfaces__rosidl_typesupport_cpp.so" to ""
[4.261s] Listing '/home/tolgahan/pathron_ros2_ws/install/custom_interfaces/lib/python3.12/site-packages/custom_interfaces'...
[4.261s] Compiling '/home/tolgahan/pathron_ros2_ws/install/custom_interfaces/lib/python3.12/site-packages/custom_interfaces/__init__.py'...
[4.261s] Listing '/home/tolgahan/pathron_ros2_ws/install/custom_interfaces/lib/python3.12/site-packages/custom_interfaces/msg'...
[4.262s] Compiling '/home/tolgahan/pathron_ros2_ws/install/custom_interfaces/lib/python3.12/site-packages/custom_interfaces/msg/__init__.py'...
[4.262s] Compiling '/home/tolgahan/pathron_ros2_ws/install/custom_interfaces/lib/python3.12/site-packages/custom_interfaces/msg/_motor_control.py'...
[4.265s] -- Installing: /home/tolgahan/pathron_ros2_ws/install/custom_interfaces/lib/libcustom_interfaces__rosidl_generator_py.so
[4.265s] -- Set non-toolchain portion of runtime path of "/home/tolgahan/pathron_ros2_ws/install/custom_interfaces/lib/libcustom_interfaces__rosidl_generator_py.so" to ""
[4.265s] -- Installing: /home/tolgahan/pathron_ros2_ws/install/custom_interfaces/share/custom_interfaces/cmake/export_custom_interfaces__rosidl_generator_cExport.cmake
[4.266s] -- Installing: /home/tolgahan/pathron_ros2_ws/install/custom_interfaces/share/custom_interfaces/cmake/export_custom_interfaces__rosidl_generator_cExport-noconfig.cmake
[4.266s] -- Installing: /home/tolgahan/pathron_ros2_ws/install/custom_interfaces/share/custom_interfaces/cmake/export_custom_interfaces__rosidl_typesupport_fastrtps_cExport.cmake
[4.266s] -- Installing: /home/tolgahan/pathron_ros2_ws/install/custom_interfaces/share/custom_interfaces/cmake/export_custom_interfaces__rosidl_typesupport_fastrtps_cExport-noconfig.cmake
[4.266s] -- Installing: /home/tolgahan/pathron_ros2_ws/install/custom_interfaces/share/custom_interfaces/cmake/export_custom_interfaces__rosidl_generator_cppExport.cmake
[4.266s] -- Installing: /home/tolgahan/pathron_ros2_ws/install/custom_interfaces/share/custom_interfaces/cmake/export_custom_interfaces__rosidl_typesupport_fastrtps_cppExport.cmake
[4.266s] -- Installing: /home/tolgahan/pathron_ros2_ws/install/custom_interfaces/share/custom_interfaces/cmake/export_custom_interfaces__rosidl_typesupport_fastrtps_cppExport-noconfig.cmake
[4.266s] -- Installing: /home/tolgahan/pathron_ros2_ws/install/custom_interfaces/share/custom_interfaces/cmake/custom_interfaces__rosidl_typesupport_introspection_cExport.cmake
[4.266s] -- Installing: /home/tolgahan/pathron_ros2_ws/install/custom_interfaces/share/custom_interfaces/cmake/custom_interfaces__rosidl_typesupport_introspection_cExport-noconfig.cmake
[4.266s] -- Installing: /home/tolgahan/pathron_ros2_ws/install/custom_interfaces/share/custom_interfaces/cmake/custom_interfaces__rosidl_typesupport_cExport.cmake
[4.266s] -- Installing: /home/tolgahan/pathron_ros2_ws/install/custom_interfaces/share/custom_interfaces/cmake/custom_interfaces__rosidl_typesupport_cExport-noconfig.cmake
[4.266s] -- Installing: /home/tolgahan/pathron_ros2_ws/install/custom_interfaces/share/custom_interfaces/cmake/custom_interfaces__rosidl_typesupport_introspection_cppExport.cmake
[4.266s] -- Installing: /home/tolgahan/pathron_ros2_ws/install/custom_interfaces/share/custom_interfaces/cmake/custom_interfaces__rosidl_typesupport_introspection_cppExport-noconfig.cmake
[4.266s] -- Installing: /home/tolgahan/pathron_ros2_ws/install/custom_interfaces/share/custom_interfaces/cmake/custom_interfaces__rosidl_typesupport_cppExport.cmake
[4.266s] -- Installing: /home/tolgahan/pathron_ros2_ws/install/custom_interfaces/share/custom_interfaces/cmake/custom_interfaces__rosidl_typesupport_cppExport-noconfig.cmake
[4.266s] -- Installing: /home/tolgahan/pathron_ros2_ws/install/custom_interfaces/share/custom_interfaces/cmake/export_custom_interfaces__rosidl_generator_pyExport.cmake
[4.266s] -- Installing: /home/tolgahan/pathron_ros2_ws/install/custom_interfaces/share/custom_interfaces/cmake/export_custom_interfaces__rosidl_generator_pyExport-noconfig.cmake
[4.268s] Invoked command in '/home/tolgahan/pathron_ros2_ws/build/custom_interfaces' returned '0': CMAKE_PREFIX_PATH=${CMAKE_PREFIX_PATH}:/home/tolgahan/pathron_ros2_ws/install/motor_controller:/opt/ros/jazzy DEBUGINFOD_URLS=https://debuginfod.ubuntu.com /usr/bin/cmake --install /home/tolgahan/pathron_ros2_ws/build/custom_interfaces
