[0.515s] Invoking command in '/home/tolgahan/pathron_ros2_ws/build/motor_controller': AMENT_PREFIX_PATH=/home/tolgahan/pathron_ros2_ws/install/custom_interfaces:${AMENT_PREFIX_PATH} CMAKE_PREFIX_PATH=/home/tolgahan/pathron_ros2_ws/install/custom_interfaces:${CMAKE_PREFIX_PATH} DEBUGINFOD_URLS=https://debuginfod.ubuntu.com LD_LIBRARY_PATH=/home/tolgahan/pathron_ros2_ws/install/custom_interfaces/lib:${LD_LIBRARY_PATH} PYTHONPATH=/home/tolgahan/pathron_ros2_ws/build/motor_controller/prefix_override:/usr/lib/python3/dist-packages/colcon_core/task/python/colcon_distutils_commands:/home/tolgahan/pathron_ros2_ws/install/motor_controller/lib/python3.12/site-packages:/home/tolgahan/pathron_ros2_ws/install/custom_interfaces/lib/python3.12/site-packages:${PYTHONPATH} /usr/bin/python3 -W ignore:setup.py install is deprecated -W ignore:easy_install command is deprecated setup.py develop --editable --build-directory /home/tolgahan/pathron_ros2_ws/build/motor_controller/build --no-deps symlink_data
[0.699s] running develop
[0.803s] running egg_info
[0.803s] creating motor_controller.egg-info
[0.813s] writing motor_controller.egg-info/PKG-INFO
[0.814s] writing dependency_links to motor_controller.egg-info/dependency_links.txt
[0.814s] writing entry points to motor_controller.egg-info/entry_points.txt
[0.814s] writing requirements to motor_controller.egg-info/requires.txt
[0.814s] writing top-level names to motor_controller.egg-info/top_level.txt
[0.814s] writing manifest file 'motor_controller.egg-info/SOURCES.txt'
[0.834s] reading manifest file 'motor_controller.egg-info/SOURCES.txt'
[0.834s] writing manifest file 'motor_controller.egg-info/SOURCES.txt'
[0.846s] running build_ext
[0.846s] Creating /home/tolgahan/pathron_ros2_ws/install/motor_controller/lib/python3.12/site-packages/motor-controller.egg-link (link to .)
[0.846s] Installing keyboard_driver script to /home/tolgahan/pathron_ros2_ws/install/motor_controller/lib/motor_controller
[0.846s] Installing motor_controller script to /home/tolgahan/pathron_ros2_ws/install/motor_controller/lib/motor_controller
[0.846s] 
[0.846s] Installed /home/tolgahan/pathron_ros2_ws/build/motor_controller
[0.847s] running symlink_data
[0.847s] creating /home/tolgahan/pathron_ros2_ws/install/motor_controller/share/ament_index
[0.847s] creating /home/tolgahan/pathron_ros2_ws/install/motor_controller/share/ament_index/resource_index
[0.847s] creating /home/tolgahan/pathron_ros2_ws/install/motor_controller/share/ament_index/resource_index/packages
[0.847s] symbolically linking /home/tolgahan/pathron_ros2_ws/build/motor_controller/resource/motor_controller -> /home/tolgahan/pathron_ros2_ws/install/motor_controller/share/ament_index/resource_index/packages
[0.847s] symbolically linking /home/tolgahan/pathron_ros2_ws/build/motor_controller/package.xml -> /home/tolgahan/pathron_ros2_ws/install/motor_controller/share/motor_controller
[0.869s] Invoked command in '/home/tolgahan/pathron_ros2_ws/build/motor_controller' returned '0': AMENT_PREFIX_PATH=/home/tolgahan/pathron_ros2_ws/install/custom_interfaces:${AMENT_PREFIX_PATH} CMAKE_PREFIX_PATH=/home/tolgahan/pathron_ros2_ws/install/custom_interfaces:${CMAKE_PREFIX_PATH} DEBUGINFOD_URLS=https://debuginfod.ubuntu.com LD_LIBRARY_PATH=/home/tolgahan/pathron_ros2_ws/install/custom_interfaces/lib:${LD_LIBRARY_PATH} PYTHONPATH=/home/tolgahan/pathron_ros2_ws/build/motor_controller/prefix_override:/usr/lib/python3/dist-packages/colcon_core/task/python/colcon_distutils_commands:/home/tolgahan/pathron_ros2_ws/install/motor_controller/lib/python3.12/site-packages:/home/tolgahan/pathron_ros2_ws/install/custom_interfaces/lib/python3.12/site-packages:${PYTHONPATH} /usr/bin/python3 -W ignore:setup.py install is deprecated -W ignore:easy_install command is deprecated setup.py develop --editable --build-directory /home/tolgahan/pathron_ros2_ws/build/motor_controller/build --no-deps symlink_data
