[0.062s] DEBUG:colcon:Command line arguments: ['/usr/bin/colcon', 'build', '--symlink-install']
[0.062s] DEBUG:colcon:Parsed command line arguments: Namespace(log_base=None, log_level=None, verb_name='build', build_base='build', install_base='install', merge_install=False, symlink_install=True, test_result_base=None, continue_on_error=False, executor='parallel', parallel_workers=12, event_handlers=None, ignore_user_meta=False, metas=['./colcon.meta'], base_paths=['.'], packages_ignore=None, packages_ignore_regex=None, paths=None, packages_up_to=None, packages_up_to_regex=None, packages_above=None, packages_above_and_dependencies=None, packages_above_depth=None, packages_select_by_dep=None, packages_skip_by_dep=None, packages_skip_up_to=None, packages_select_build_failed=False, packages_skip_build_finished=False, packages_select_test_failures=False, packages_skip_test_passed=False, packages_select=None, packages_skip=None, packages_select_regex=None, packages_skip_regex=None, packages_start=None, packages_end=None, allow_overriding=[], cmake_args=None, cmake_target=None, cmake_target_skip_unavailable=False, cmake_clean_cache=False, cmake_clean_first=False, cmake_force_configure=False, ament_cmake_args=None, catkin_cmake_args=None, catkin_skip_building_tests=False, verb_parser=<colcon_defaults.argument_parser.defaults.DefaultArgumentsDecorator object at 0x769c89d8a600>, verb_extension=<colcon_core.verb.build.BuildVerb object at 0x769c89edd670>, main=<bound method BuildVerb.main of <colcon_core.verb.build.BuildVerb object at 0x769c89edd670>>)
[0.085s] Level 1:colcon.colcon_core.package_discovery:discover_packages(colcon_meta) check parameters
[0.085s] Level 1:colcon.colcon_core.package_discovery:discover_packages(recursive) check parameters
[0.085s] Level 1:colcon.colcon_core.package_discovery:discover_packages(ignore) check parameters
[0.085s] Level 1:colcon.colcon_core.package_discovery:discover_packages(path) check parameters
[0.085s] Level 1:colcon.colcon_core.package_discovery:discover_packages(colcon_meta) discover
[0.085s] Level 1:colcon.colcon_core.package_discovery:discover_packages(recursive) discover
[0.085s] INFO:colcon.colcon_core.package_discovery:Crawling recursively for packages in '/home/tolgahan/pathron/pathron_ros2_ws'
[0.085s] Level 1:colcon.colcon_core.package_identification:_identify(.) by extensions ['ignore', 'ignore_ament_install']
[0.085s] Level 1:colcon.colcon_core.package_identification:_identify(.) by extension 'ignore'
[0.085s] Level 1:colcon.colcon_core.package_identification:_identify(.) by extension 'ignore_ament_install'
[0.085s] Level 1:colcon.colcon_core.package_identification:_identify(.) by extensions ['colcon_pkg']
[0.085s] Level 1:colcon.colcon_core.package_identification:_identify(.) by extension 'colcon_pkg'
[0.085s] Level 1:colcon.colcon_core.package_identification:_identify(.) by extensions ['colcon_meta']
[0.085s] Level 1:colcon.colcon_core.package_identification:_identify(.) by extension 'colcon_meta'
[0.085s] Level 1:colcon.colcon_core.package_identification:_identify(.) by extensions ['ros']
[0.085s] Level 1:colcon.colcon_core.package_identification:_identify(.) by extension 'ros'
[0.101s] Level 1:colcon.colcon_core.package_identification:_identify(.) by extensions ['cmake', 'python']
[0.101s] Level 1:colcon.colcon_core.package_identification:_identify(.) by extension 'cmake'
[0.101s] Level 1:colcon.colcon_core.package_identification:_identify(.) by extension 'python'
[0.101s] Level 1:colcon.colcon_core.package_identification:_identify(.) by extensions ['python_setup_py']
[0.101s] Level 1:colcon.colcon_core.package_identification:_identify(.) by extension 'python_setup_py'
[0.101s] Level 1:colcon.colcon_core.package_identification:_identify(build) by extensions ['ignore', 'ignore_ament_install']
[0.101s] Level 1:colcon.colcon_core.package_identification:_identify(build) by extension 'ignore'
[0.101s] Level 1:colcon.colcon_core.package_identification:_identify(build) ignored
[0.101s] Level 1:colcon.colcon_core.package_identification:_identify(install) by extensions ['ignore', 'ignore_ament_install']
[0.101s] Level 1:colcon.colcon_core.package_identification:_identify(install) by extension 'ignore'
[0.101s] Level 1:colcon.colcon_core.package_identification:_identify(install) ignored
[0.101s] Level 1:colcon.colcon_core.package_identification:_identify(log) by extensions ['ignore', 'ignore_ament_install']
[0.102s] Level 1:colcon.colcon_core.package_identification:_identify(log) by extension 'ignore'
[0.102s] Level 1:colcon.colcon_core.package_identification:_identify(log) ignored
[0.102s] Level 1:colcon.colcon_core.package_identification:_identify(src) by extensions ['ignore', 'ignore_ament_install']
[0.102s] Level 1:colcon.colcon_core.package_identification:_identify(src) by extension 'ignore'
[0.102s] Level 1:colcon.colcon_core.package_identification:_identify(src) by extension 'ignore_ament_install'
[0.102s] Level 1:colcon.colcon_core.package_identification:_identify(src) by extensions ['colcon_pkg']
[0.102s] Level 1:colcon.colcon_core.package_identification:_identify(src) by extension 'colcon_pkg'
[0.102s] Level 1:colcon.colcon_core.package_identification:_identify(src) by extensions ['colcon_meta']
[0.102s] Level 1:colcon.colcon_core.package_identification:_identify(src) by extension 'colcon_meta'
[0.102s] Level 1:colcon.colcon_core.package_identification:_identify(src) by extensions ['ros']
[0.102s] Level 1:colcon.colcon_core.package_identification:_identify(src) by extension 'ros'
[0.102s] Level 1:colcon.colcon_core.package_identification:_identify(src) by extensions ['cmake', 'python']
[0.102s] Level 1:colcon.colcon_core.package_identification:_identify(src) by extension 'cmake'
[0.102s] Level 1:colcon.colcon_core.package_identification:_identify(src) by extension 'python'
[0.102s] Level 1:colcon.colcon_core.package_identification:_identify(src) by extensions ['python_setup_py']
[0.102s] Level 1:colcon.colcon_core.package_identification:_identify(src) by extension 'python_setup_py'
[0.102s] Level 1:colcon.colcon_core.package_identification:_identify(src/custom_interfaces) by extensions ['ignore', 'ignore_ament_install']
[0.102s] Level 1:colcon.colcon_core.package_identification:_identify(src/custom_interfaces) by extension 'ignore'
[0.102s] Level 1:colcon.colcon_core.package_identification:_identify(src/custom_interfaces) by extension 'ignore_ament_install'
[0.102s] Level 1:colcon.colcon_core.package_identification:_identify(src/custom_interfaces) by extensions ['colcon_pkg']
[0.102s] Level 1:colcon.colcon_core.package_identification:_identify(src/custom_interfaces) by extension 'colcon_pkg'
[0.102s] Level 1:colcon.colcon_core.package_identification:_identify(src/custom_interfaces) by extensions ['colcon_meta']
[0.102s] Level 1:colcon.colcon_core.package_identification:_identify(src/custom_interfaces) by extension 'colcon_meta'
[0.102s] Level 1:colcon.colcon_core.package_identification:_identify(src/custom_interfaces) by extensions ['ros']
[0.102s] Level 1:colcon.colcon_core.package_identification:_identify(src/custom_interfaces) by extension 'ros'
[0.104s] DEBUG:colcon.colcon_core.package_identification:Package 'src/custom_interfaces' with type 'ros.ament_cmake' and name 'custom_interfaces'
[0.104s] Level 1:colcon.colcon_core.package_identification:_identify(src/motor_controller) by extensions ['ignore', 'ignore_ament_install']
[0.104s] Level 1:colcon.colcon_core.package_identification:_identify(src/motor_controller) by extension 'ignore'
[0.104s] Level 1:colcon.colcon_core.package_identification:_identify(src/motor_controller) by extension 'ignore_ament_install'
[0.104s] Level 1:colcon.colcon_core.package_identification:_identify(src/motor_controller) by extensions ['colcon_pkg']
[0.104s] Level 1:colcon.colcon_core.package_identification:_identify(src/motor_controller) by extension 'colcon_pkg'
[0.104s] Level 1:colcon.colcon_core.package_identification:_identify(src/motor_controller) by extensions ['colcon_meta']
[0.104s] Level 1:colcon.colcon_core.package_identification:_identify(src/motor_controller) by extension 'colcon_meta'
[0.104s] Level 1:colcon.colcon_core.package_identification:_identify(src/motor_controller) by extensions ['ros']
[0.104s] Level 1:colcon.colcon_core.package_identification:_identify(src/motor_controller) by extension 'ros'
[0.104s] DEBUG:colcon.colcon_core.package_identification:Package 'src/motor_controller' with type 'ros.ament_python' and name 'motor_controller'
[0.104s] Level 1:colcon.colcon_core.package_discovery:discover_packages(recursive) using defaults
[0.104s] Level 1:colcon.colcon_core.package_discovery:discover_packages(ignore) discover
[0.104s] Level 1:colcon.colcon_core.package_discovery:discover_packages(ignore) using defaults
[0.104s] Level 1:colcon.colcon_core.package_discovery:discover_packages(path) discover
[0.105s] Level 1:colcon.colcon_core.package_discovery:discover_packages(path) using defaults
[0.116s] Level 1:colcon.colcon_core.package_discovery:discover_packages(prefix_path) check parameters
[0.116s] Level 1:colcon.colcon_core.package_discovery:discover_packages(prefix_path) discover
[0.117s] WARNING:colcon.colcon_ros.prefix_path.ament:The path '/home/tolgahan/pathron/pathron_ros2_ws/install/motor_controller' in the environment variable AMENT_PREFIX_PATH doesn't exist
[0.117s] WARNING:colcon.colcon_ros.prefix_path.ament:The path '/home/tolgahan/pathron/pathron_ros2_ws/install/custom_interfaces' in the environment variable AMENT_PREFIX_PATH doesn't exist
[0.117s] WARNING:colcon.colcon_ros.prefix_path.catkin:The path '/home/tolgahan/pathron/pathron_ros2_ws/install/custom_interfaces' in the environment variable CMAKE_PREFIX_PATH doesn't exist
[0.117s] DEBUG:colcon.colcon_installed_package_information.package_discovery:Found 0 installed packages in /home/tolgahan/pathron/pathron_ros2_ws/install
[0.118s] DEBUG:colcon.colcon_installed_package_information.package_discovery:Found 475 installed packages in /opt/ros/jazzy
[0.120s] Level 1:colcon.colcon_core.package_discovery:discover_packages(prefix_path) using defaults
[0.151s] Level 5:colcon.colcon_core.verb:set package 'custom_interfaces' build argument 'cmake_args' from command line to 'None'
[0.151s] Level 5:colcon.colcon_core.verb:set package 'custom_interfaces' build argument 'cmake_target' from command line to 'None'
[0.151s] Level 5:colcon.colcon_core.verb:set package 'custom_interfaces' build argument 'cmake_target_skip_unavailable' from command line to 'False'
[0.151s] Level 5:colcon.colcon_core.verb:set package 'custom_interfaces' build argument 'cmake_clean_cache' from command line to 'False'
[0.151s] Level 5:colcon.colcon_core.verb:set package 'custom_interfaces' build argument 'cmake_clean_first' from command line to 'False'
[0.151s] Level 5:colcon.colcon_core.verb:set package 'custom_interfaces' build argument 'cmake_force_configure' from command line to 'False'
[0.151s] Level 5:colcon.colcon_core.verb:set package 'custom_interfaces' build argument 'ament_cmake_args' from command line to 'None'
[0.151s] Level 5:colcon.colcon_core.verb:set package 'custom_interfaces' build argument 'catkin_cmake_args' from command line to 'None'
[0.151s] Level 5:colcon.colcon_core.verb:set package 'custom_interfaces' build argument 'catkin_skip_building_tests' from command line to 'False'
[0.151s] DEBUG:colcon.colcon_core.verb:Building package 'custom_interfaces' with the following arguments: {'ament_cmake_args': None, 'build_base': '/home/tolgahan/pathron/pathron_ros2_ws/build/custom_interfaces', 'catkin_cmake_args': None, 'catkin_skip_building_tests': False, 'cmake_args': None, 'cmake_clean_cache': False, 'cmake_clean_first': False, 'cmake_force_configure': False, 'cmake_target': None, 'cmake_target_skip_unavailable': False, 'install_base': '/home/tolgahan/pathron/pathron_ros2_ws/install/custom_interfaces', 'merge_install': False, 'path': '/home/tolgahan/pathron/pathron_ros2_ws/src/custom_interfaces', 'symlink_install': True, 'test_result_base': None}
[0.151s] Level 5:colcon.colcon_core.verb:set package 'motor_controller' build argument 'cmake_args' from command line to 'None'
[0.151s] Level 5:colcon.colcon_core.verb:set package 'motor_controller' build argument 'cmake_target' from command line to 'None'
[0.151s] Level 5:colcon.colcon_core.verb:set package 'motor_controller' build argument 'cmake_target_skip_unavailable' from command line to 'False'
[0.151s] Level 5:colcon.colcon_core.verb:set package 'motor_controller' build argument 'cmake_clean_cache' from command line to 'False'
[0.151s] Level 5:colcon.colcon_core.verb:set package 'motor_controller' build argument 'cmake_clean_first' from command line to 'False'
[0.151s] Level 5:colcon.colcon_core.verb:set package 'motor_controller' build argument 'cmake_force_configure' from command line to 'False'
[0.151s] Level 5:colcon.colcon_core.verb:set package 'motor_controller' build argument 'ament_cmake_args' from command line to 'None'
[0.151s] Level 5:colcon.colcon_core.verb:set package 'motor_controller' build argument 'catkin_cmake_args' from command line to 'None'
[0.151s] Level 5:colcon.colcon_core.verb:set package 'motor_controller' build argument 'catkin_skip_building_tests' from command line to 'False'
[0.151s] DEBUG:colcon.colcon_core.verb:Building package 'motor_controller' with the following arguments: {'ament_cmake_args': None, 'build_base': '/home/tolgahan/pathron/pathron_ros2_ws/build/motor_controller', 'catkin_cmake_args': None, 'catkin_skip_building_tests': False, 'cmake_args': None, 'cmake_clean_cache': False, 'cmake_clean_first': False, 'cmake_force_configure': False, 'cmake_target': None, 'cmake_target_skip_unavailable': False, 'install_base': '/home/tolgahan/pathron/pathron_ros2_ws/install/motor_controller', 'merge_install': False, 'path': '/home/tolgahan/pathron/pathron_ros2_ws/src/motor_controller', 'symlink_install': True, 'test_result_base': None}
[0.151s] INFO:colcon.colcon_core.executor:Executing jobs using 'parallel' executor
[0.152s] DEBUG:colcon.colcon_parallel_executor.executor.parallel:run_until_complete
[0.152s] INFO:colcon.colcon_ros.task.ament_cmake.build:Building ROS package in '/home/tolgahan/pathron/pathron_ros2_ws/src/custom_interfaces' with build type 'ament_cmake'
[0.153s] INFO:colcon.colcon_cmake.task.cmake.build:Building CMake package in '/home/tolgahan/pathron/pathron_ros2_ws/src/custom_interfaces'
[0.154s] INFO:colcon.colcon_core.plugin_system:Skipping extension 'colcon_core.shell.bat': Not used on non-Windows systems
[0.154s] INFO:colcon.colcon_core.shell:Skip shell extension 'powershell' for command environment: Not usable outside of PowerShell
[0.154s] DEBUG:colcon.colcon_core.shell:Skip shell extension 'dsv' for command environment
[0.160s] DEBUG:colcon.colcon_core.event_handler.log_command:Invoking command in '/home/tolgahan/pathron/pathron_ros2_ws/build/custom_interfaces': CMAKE_PREFIX_PATH=${CMAKE_PREFIX_PATH}:/home/tolgahan/pathron/pathron_ros2_ws/install/motor_controller:/opt/ros/jazzy DEBUGINFOD_URLS=https://debuginfod.ubuntu.com /usr/bin/cmake /home/tolgahan/pathron/pathron_ros2_ws/src/custom_interfaces -DAMENT_CMAKE_SYMLINK_INSTALL=1 -DCMAKE_INSTALL_PREFIX=/home/tolgahan/pathron/pathron_ros2_ws/install/custom_interfaces
[2.495s] DEBUG:colcon.colcon_core.event_handler.log_command:Invoked command in '/home/tolgahan/pathron/pathron_ros2_ws/build/custom_interfaces' returned '0': CMAKE_PREFIX_PATH=${CMAKE_PREFIX_PATH}:/home/tolgahan/pathron/pathron_ros2_ws/install/motor_controller:/opt/ros/jazzy DEBUGINFOD_URLS=https://debuginfod.ubuntu.com /usr/bin/cmake /home/tolgahan/pathron/pathron_ros2_ws/src/custom_interfaces -DAMENT_CMAKE_SYMLINK_INSTALL=1 -DCMAKE_INSTALL_PREFIX=/home/tolgahan/pathron/pathron_ros2_ws/install/custom_interfaces
[2.496s] DEBUG:colcon.colcon_core.event_handler.log_command:Invoking command in '/home/tolgahan/pathron/pathron_ros2_ws/build/custom_interfaces': CMAKE_PREFIX_PATH=${CMAKE_PREFIX_PATH}:/home/tolgahan/pathron/pathron_ros2_ws/install/motor_controller:/opt/ros/jazzy DEBUGINFOD_URLS=https://debuginfod.ubuntu.com /usr/bin/cmake --build /home/tolgahan/pathron/pathron_ros2_ws/build/custom_interfaces -- -j12 -l12
[4.012s] DEBUG:colcon.colcon_core.event_handler.log_command:Invoked command in '/home/tolgahan/pathron/pathron_ros2_ws/build/custom_interfaces' returned '0': CMAKE_PREFIX_PATH=${CMAKE_PREFIX_PATH}:/home/tolgahan/pathron/pathron_ros2_ws/install/motor_controller:/opt/ros/jazzy DEBUGINFOD_URLS=https://debuginfod.ubuntu.com /usr/bin/cmake --build /home/tolgahan/pathron/pathron_ros2_ws/build/custom_interfaces -- -j12 -l12
[4.022s] DEBUG:colcon.colcon_core.event_handler.log_command:Invoking command in '/home/tolgahan/pathron/pathron_ros2_ws/build/custom_interfaces': CMAKE_PREFIX_PATH=${CMAKE_PREFIX_PATH}:/home/tolgahan/pathron/pathron_ros2_ws/install/motor_controller:/opt/ros/jazzy DEBUGINFOD_URLS=https://debuginfod.ubuntu.com /usr/bin/cmake --install /home/tolgahan/pathron/pathron_ros2_ws/build/custom_interfaces
[4.485s] Level 1:colcon.colcon_core.environment:create_environment_scripts_only(custom_interfaces)
[4.485s] DEBUG:colcon.colcon_core.event_handler.log_command:Invoked command in '/home/tolgahan/pathron/pathron_ros2_ws/build/custom_interfaces' returned '0': CMAKE_PREFIX_PATH=${CMAKE_PREFIX_PATH}:/home/tolgahan/pathron/pathron_ros2_ws/install/motor_controller:/opt/ros/jazzy DEBUGINFOD_URLS=https://debuginfod.ubuntu.com /usr/bin/cmake --install /home/tolgahan/pathron/pathron_ros2_ws/build/custom_interfaces
[4.486s] Level 1:colcon.colcon_core.environment:checking '/home/tolgahan/pathron/pathron_ros2_ws/install/custom_interfaces' for CMake module files
[4.486s] Level 1:colcon.colcon_core.environment:checking '/home/tolgahan/pathron/pathron_ros2_ws/install/custom_interfaces' for CMake config files
[4.487s] Level 1:colcon.colcon_core.shell:create_environment_hook('custom_interfaces', 'cmake_prefix_path')
[4.487s] INFO:colcon.colcon_core.shell:Creating environment hook '/home/tolgahan/pathron/pathron_ros2_ws/install/custom_interfaces/share/custom_interfaces/hook/cmake_prefix_path.ps1'
[4.487s] INFO:colcon.colcon_core.shell:Creating environment descriptor '/home/tolgahan/pathron/pathron_ros2_ws/install/custom_interfaces/share/custom_interfaces/hook/cmake_prefix_path.dsv'
[4.487s] INFO:colcon.colcon_core.shell:Creating environment hook '/home/tolgahan/pathron/pathron_ros2_ws/install/custom_interfaces/share/custom_interfaces/hook/cmake_prefix_path.sh'
[4.488s] Level 1:colcon.colcon_core.environment:checking '/home/tolgahan/pathron/pathron_ros2_ws/install/custom_interfaces/lib'
[4.488s] Level 1:colcon.colcon_core.shell:create_environment_hook('custom_interfaces', 'ld_library_path_lib')
[4.488s] INFO:colcon.colcon_core.shell:Creating environment hook '/home/tolgahan/pathron/pathron_ros2_ws/install/custom_interfaces/share/custom_interfaces/hook/ld_library_path_lib.ps1'
[4.488s] INFO:colcon.colcon_core.shell:Creating environment descriptor '/home/tolgahan/pathron/pathron_ros2_ws/install/custom_interfaces/share/custom_interfaces/hook/ld_library_path_lib.dsv'
[4.488s] INFO:colcon.colcon_core.shell:Creating environment hook '/home/tolgahan/pathron/pathron_ros2_ws/install/custom_interfaces/share/custom_interfaces/hook/ld_library_path_lib.sh'
[4.488s] Level 1:colcon.colcon_core.environment:checking '/home/tolgahan/pathron/pathron_ros2_ws/install/custom_interfaces/bin'
[4.488s] Level 1:colcon.colcon_core.environment:checking '/home/tolgahan/pathron/pathron_ros2_ws/install/custom_interfaces/lib/pkgconfig/custom_interfaces.pc'
[4.489s] Level 1:colcon.colcon_core.environment:checking '/home/tolgahan/pathron/pathron_ros2_ws/install/custom_interfaces/lib/python3.12/site-packages'
[4.489s] Level 1:colcon.colcon_core.shell:create_environment_hook('custom_interfaces', 'pythonpath')
[4.489s] INFO:colcon.colcon_core.shell:Creating environment hook '/home/tolgahan/pathron/pathron_ros2_ws/install/custom_interfaces/share/custom_interfaces/hook/pythonpath.ps1'
[4.489s] INFO:colcon.colcon_core.shell:Creating environment descriptor '/home/tolgahan/pathron/pathron_ros2_ws/install/custom_interfaces/share/custom_interfaces/hook/pythonpath.dsv'
[4.489s] INFO:colcon.colcon_core.shell:Creating environment hook '/home/tolgahan/pathron/pathron_ros2_ws/install/custom_interfaces/share/custom_interfaces/hook/pythonpath.sh'
[4.489s] Level 1:colcon.colcon_core.environment:checking '/home/tolgahan/pathron/pathron_ros2_ws/install/custom_interfaces/bin'
[4.489s] INFO:colcon.colcon_core.shell:Creating package script '/home/tolgahan/pathron/pathron_ros2_ws/install/custom_interfaces/share/custom_interfaces/package.ps1'
[4.490s] INFO:colcon.colcon_core.shell:Creating package descriptor '/home/tolgahan/pathron/pathron_ros2_ws/install/custom_interfaces/share/custom_interfaces/package.dsv'
[4.490s] INFO:colcon.colcon_core.shell:Creating package script '/home/tolgahan/pathron/pathron_ros2_ws/install/custom_interfaces/share/custom_interfaces/package.sh'
[4.490s] INFO:colcon.colcon_core.shell:Creating package script '/home/tolgahan/pathron/pathron_ros2_ws/install/custom_interfaces/share/custom_interfaces/package.bash'
[4.491s] INFO:colcon.colcon_core.shell:Creating package script '/home/tolgahan/pathron/pathron_ros2_ws/install/custom_interfaces/share/custom_interfaces/package.zsh'
[4.491s] Level 1:colcon.colcon_core.environment:create_file_with_runtime_dependencies(/home/tolgahan/pathron/pathron_ros2_ws/install/custom_interfaces/share/colcon-core/packages/custom_interfaces)
[4.491s] Level 1:colcon.colcon_core.environment:create_environment_scripts_only(custom_interfaces)
[4.491s] Level 1:colcon.colcon_core.environment:checking '/home/tolgahan/pathron/pathron_ros2_ws/install/custom_interfaces' for CMake module files
[4.492s] Level 1:colcon.colcon_core.environment:checking '/home/tolgahan/pathron/pathron_ros2_ws/install/custom_interfaces' for CMake config files
[4.492s] Level 1:colcon.colcon_core.shell:create_environment_hook('custom_interfaces', 'cmake_prefix_path')
[4.492s] INFO:colcon.colcon_core.shell:Creating environment hook '/home/tolgahan/pathron/pathron_ros2_ws/install/custom_interfaces/share/custom_interfaces/hook/cmake_prefix_path.ps1'
[4.492s] INFO:colcon.colcon_core.shell:Creating environment descriptor '/home/tolgahan/pathron/pathron_ros2_ws/install/custom_interfaces/share/custom_interfaces/hook/cmake_prefix_path.dsv'
[4.492s] INFO:colcon.colcon_core.shell:Creating environment hook '/home/tolgahan/pathron/pathron_ros2_ws/install/custom_interfaces/share/custom_interfaces/hook/cmake_prefix_path.sh'
[4.493s] Level 1:colcon.colcon_core.environment:checking '/home/tolgahan/pathron/pathron_ros2_ws/install/custom_interfaces/lib'
[4.493s] Level 1:colcon.colcon_core.shell:create_environment_hook('custom_interfaces', 'ld_library_path_lib')
[4.493s] INFO:colcon.colcon_core.shell:Creating environment hook '/home/tolgahan/pathron/pathron_ros2_ws/install/custom_interfaces/share/custom_interfaces/hook/ld_library_path_lib.ps1'
[4.493s] INFO:colcon.colcon_core.shell:Creating environment descriptor '/home/tolgahan/pathron/pathron_ros2_ws/install/custom_interfaces/share/custom_interfaces/hook/ld_library_path_lib.dsv'
[4.493s] INFO:colcon.colcon_core.shell:Creating environment hook '/home/tolgahan/pathron/pathron_ros2_ws/install/custom_interfaces/share/custom_interfaces/hook/ld_library_path_lib.sh'
[4.493s] Level 1:colcon.colcon_core.environment:checking '/home/tolgahan/pathron/pathron_ros2_ws/install/custom_interfaces/bin'
[4.493s] Level 1:colcon.colcon_core.environment:checking '/home/tolgahan/pathron/pathron_ros2_ws/install/custom_interfaces/lib/pkgconfig/custom_interfaces.pc'
[4.493s] Level 1:colcon.colcon_core.environment:checking '/home/tolgahan/pathron/pathron_ros2_ws/install/custom_interfaces/lib/python3.12/site-packages'
[4.494s] Level 1:colcon.colcon_core.shell:create_environment_hook('custom_interfaces', 'pythonpath')
[4.494s] INFO:colcon.colcon_core.shell:Creating environment hook '/home/tolgahan/pathron/pathron_ros2_ws/install/custom_interfaces/share/custom_interfaces/hook/pythonpath.ps1'
[4.494s] INFO:colcon.colcon_core.shell:Creating environment descriptor '/home/tolgahan/pathron/pathron_ros2_ws/install/custom_interfaces/share/custom_interfaces/hook/pythonpath.dsv'
[4.494s] INFO:colcon.colcon_core.shell:Creating environment hook '/home/tolgahan/pathron/pathron_ros2_ws/install/custom_interfaces/share/custom_interfaces/hook/pythonpath.sh'
[4.494s] Level 1:colcon.colcon_core.environment:checking '/home/tolgahan/pathron/pathron_ros2_ws/install/custom_interfaces/bin'
[4.494s] INFO:colcon.colcon_core.shell:Creating package script '/home/tolgahan/pathron/pathron_ros2_ws/install/custom_interfaces/share/custom_interfaces/package.ps1'
[4.495s] INFO:colcon.colcon_core.shell:Creating package descriptor '/home/tolgahan/pathron/pathron_ros2_ws/install/custom_interfaces/share/custom_interfaces/package.dsv'
[4.495s] INFO:colcon.colcon_core.shell:Creating package script '/home/tolgahan/pathron/pathron_ros2_ws/install/custom_interfaces/share/custom_interfaces/package.sh'
[4.495s] INFO:colcon.colcon_core.shell:Creating package script '/home/tolgahan/pathron/pathron_ros2_ws/install/custom_interfaces/share/custom_interfaces/package.bash'
[4.495s] INFO:colcon.colcon_core.shell:Creating package script '/home/tolgahan/pathron/pathron_ros2_ws/install/custom_interfaces/share/custom_interfaces/package.zsh'
[4.495s] Level 1:colcon.colcon_core.environment:create_file_with_runtime_dependencies(/home/tolgahan/pathron/pathron_ros2_ws/install/custom_interfaces/share/colcon-core/packages/custom_interfaces)
[4.496s] INFO:colcon.colcon_ros.task.ament_python.build:Building ROS package in '/home/tolgahan/pathron/pathron_ros2_ws/src/motor_controller' with build type 'ament_python'
[4.496s] Level 1:colcon.colcon_core.shell:create_environment_hook('motor_controller', 'ament_prefix_path')
[4.496s] INFO:colcon.colcon_core.shell:Creating environment hook '/home/tolgahan/pathron/pathron_ros2_ws/install/motor_controller/share/motor_controller/hook/ament_prefix_path.ps1'
[4.496s] INFO:colcon.colcon_core.shell:Creating environment descriptor '/home/tolgahan/pathron/pathron_ros2_ws/install/motor_controller/share/motor_controller/hook/ament_prefix_path.dsv'
[4.496s] INFO:colcon.colcon_core.shell:Creating environment hook '/home/tolgahan/pathron/pathron_ros2_ws/install/motor_controller/share/motor_controller/hook/ament_prefix_path.sh'
[4.497s] INFO:colcon.colcon_core.shell:Skip shell extension 'powershell' for command environment: Not usable outside of PowerShell
[4.497s] DEBUG:colcon.colcon_core.shell:Skip shell extension 'dsv' for command environment
[4.631s] INFO:colcon.colcon_core.task.python.build:Building Python package in '/home/tolgahan/pathron/pathron_ros2_ws/src/motor_controller'
[4.631s] INFO:colcon.colcon_core.shell:Skip shell extension 'powershell' for command environment: Not usable outside of PowerShell
[4.631s] DEBUG:colcon.colcon_core.shell:Skip shell extension 'dsv' for command environment
[4.978s] DEBUG:colcon.colcon_core.event_handler.log_command:Invoking command in '/home/tolgahan/pathron/pathron_ros2_ws/build/motor_controller': DEBUGINFOD_URLS=https://debuginfod.ubuntu.com PYTHONPATH=/home/tolgahan/pathron/pathron_ros2_ws/build/motor_controller/prefix_override:/usr/lib/python3/dist-packages/colcon_core/task/python/colcon_distutils_commands:/home/tolgahan/pathron/pathron_ros2_ws/install/motor_controller/lib/python3.12/site-packages:/home/tolgahan/pathron/pathron_ros2_ws/install/custom_interfaces/lib/python3.12/site-packages:/home/tolgahan/pathron_ros2_ws/build/motor_controller:/home/tolgahan/pathron/pathron_ros2_ws/install/motor_controller/lib/python3.12/site-packages:/opt/ros/jazzy/lib/python3.12/site-packages /usr/bin/python3 -W ignore:setup.py install is deprecated -W ignore:easy_install command is deprecated setup.py develop --editable --build-directory /home/tolgahan/pathron/pathron_ros2_ws/build/motor_controller/build --no-deps symlink_data
[5.336s] Level 1:colcon.colcon_core.shell:create_environment_hook('motor_controller', 'pythonpath_develop')
[5.337s] INFO:colcon.colcon_core.shell:Creating environment hook '/home/tolgahan/pathron/pathron_ros2_ws/build/motor_controller/share/motor_controller/hook/pythonpath_develop.ps1'
[5.337s] DEBUG:colcon.colcon_core.event_handler.log_command:Invoked command in '/home/tolgahan/pathron/pathron_ros2_ws/build/motor_controller' returned '0': DEBUGINFOD_URLS=https://debuginfod.ubuntu.com PYTHONPATH=/home/tolgahan/pathron/pathron_ros2_ws/build/motor_controller/prefix_override:/usr/lib/python3/dist-packages/colcon_core/task/python/colcon_distutils_commands:/home/tolgahan/pathron/pathron_ros2_ws/install/motor_controller/lib/python3.12/site-packages:/home/tolgahan/pathron/pathron_ros2_ws/install/custom_interfaces/lib/python3.12/site-packages:/home/tolgahan/pathron_ros2_ws/build/motor_controller:/home/tolgahan/pathron/pathron_ros2_ws/install/motor_controller/lib/python3.12/site-packages:/opt/ros/jazzy/lib/python3.12/site-packages /usr/bin/python3 -W ignore:setup.py install is deprecated -W ignore:easy_install command is deprecated setup.py develop --editable --build-directory /home/tolgahan/pathron/pathron_ros2_ws/build/motor_controller/build --no-deps symlink_data
[5.337s] INFO:colcon.colcon_core.shell:Creating environment descriptor '/home/tolgahan/pathron/pathron_ros2_ws/build/motor_controller/share/motor_controller/hook/pythonpath_develop.dsv'
[5.337s] INFO:colcon.colcon_core.shell:Creating environment hook '/home/tolgahan/pathron/pathron_ros2_ws/build/motor_controller/share/motor_controller/hook/pythonpath_develop.sh'
[5.338s] Level 1:colcon.colcon_core.environment:checking '/home/tolgahan/pathron/pathron_ros2_ws/install/motor_controller' for CMake module files
[5.338s] Level 1:colcon.colcon_core.environment:checking '/home/tolgahan/pathron/pathron_ros2_ws/install/motor_controller' for CMake config files
[5.338s] Level 1:colcon.colcon_core.environment:checking '/home/tolgahan/pathron/pathron_ros2_ws/install/motor_controller/lib'
[5.338s] Level 1:colcon.colcon_core.environment:checking '/home/tolgahan/pathron/pathron_ros2_ws/install/motor_controller/bin'
[5.338s] Level 1:colcon.colcon_core.environment:checking '/home/tolgahan/pathron/pathron_ros2_ws/install/motor_controller/lib/pkgconfig/motor_controller.pc'
[5.338s] Level 1:colcon.colcon_core.environment:checking '/home/tolgahan/pathron/pathron_ros2_ws/install/motor_controller/lib/python3.12/site-packages'
[5.338s] Level 1:colcon.colcon_core.shell:create_environment_hook('motor_controller', 'pythonpath')
[5.338s] INFO:colcon.colcon_core.shell:Creating environment hook '/home/tolgahan/pathron/pathron_ros2_ws/install/motor_controller/share/motor_controller/hook/pythonpath.ps1'
[5.339s] INFO:colcon.colcon_core.shell:Creating environment descriptor '/home/tolgahan/pathron/pathron_ros2_ws/install/motor_controller/share/motor_controller/hook/pythonpath.dsv'
[5.339s] INFO:colcon.colcon_core.shell:Creating environment hook '/home/tolgahan/pathron/pathron_ros2_ws/install/motor_controller/share/motor_controller/hook/pythonpath.sh'
[5.339s] Level 1:colcon.colcon_core.environment:checking '/home/tolgahan/pathron/pathron_ros2_ws/install/motor_controller/bin'
[5.339s] Level 1:colcon.colcon_core.environment:create_environment_scripts_only(motor_controller)
[5.339s] INFO:colcon.colcon_core.shell:Creating package script '/home/tolgahan/pathron/pathron_ros2_ws/install/motor_controller/share/motor_controller/package.ps1'
[5.339s] INFO:colcon.colcon_core.shell:Creating package descriptor '/home/tolgahan/pathron/pathron_ros2_ws/install/motor_controller/share/motor_controller/package.dsv'
[5.340s] INFO:colcon.colcon_core.shell:Creating package script '/home/tolgahan/pathron/pathron_ros2_ws/install/motor_controller/share/motor_controller/package.sh'
[5.340s] INFO:colcon.colcon_core.shell:Creating package script '/home/tolgahan/pathron/pathron_ros2_ws/install/motor_controller/share/motor_controller/package.bash'
[5.340s] INFO:colcon.colcon_core.shell:Creating package script '/home/tolgahan/pathron/pathron_ros2_ws/install/motor_controller/share/motor_controller/package.zsh'
[5.340s] Level 1:colcon.colcon_core.environment:create_file_with_runtime_dependencies(/home/tolgahan/pathron/pathron_ros2_ws/install/motor_controller/share/colcon-core/packages/motor_controller)
[5.340s] DEBUG:colcon.colcon_parallel_executor.executor.parallel:closing loop
[5.340s] DEBUG:colcon.colcon_parallel_executor.executor.parallel:loop closed
[5.340s] DEBUG:colcon.colcon_parallel_executor.executor.parallel:run_until_complete finished with '0'
[5.340s] DEBUG:colcon.colcon_core.event_reactor:joining thread
[5.344s] INFO:colcon.colcon_core.plugin_system:Skipping extension 'colcon_notification.desktop_notification.terminal_notifier': Not used on non-Darwin systems
[5.344s] INFO:colcon.colcon_core.plugin_system:Skipping extension 'colcon_notification.desktop_notification.win32': Not used on non-Windows systems
[5.344s] INFO:colcon.colcon_notification.desktop_notification:Sending desktop notification using 'notify2'
[5.354s] DEBUG:colcon.colcon_core.event_reactor:joined thread
[5.355s] INFO:colcon.colcon_core.shell:Creating prefix script '/home/tolgahan/pathron/pathron_ros2_ws/install/local_setup.ps1'
[5.355s] INFO:colcon.colcon_core.shell:Creating prefix util module '/home/tolgahan/pathron/pathron_ros2_ws/install/_local_setup_util_ps1.py'
[5.356s] INFO:colcon.colcon_core.shell:Creating prefix chain script '/home/tolgahan/pathron/pathron_ros2_ws/install/setup.ps1'
[5.357s] INFO:colcon.colcon_core.shell:Creating prefix script '/home/tolgahan/pathron/pathron_ros2_ws/install/local_setup.sh'
[5.357s] INFO:colcon.colcon_core.shell:Creating prefix util module '/home/tolgahan/pathron/pathron_ros2_ws/install/_local_setup_util_sh.py'
[5.357s] INFO:colcon.colcon_core.shell:Creating prefix chain script '/home/tolgahan/pathron/pathron_ros2_ws/install/setup.sh'
[5.369s] INFO:colcon.colcon_core.shell:Creating prefix script '/home/tolgahan/pathron/pathron_ros2_ws/install/local_setup.bash'
[5.370s] INFO:colcon.colcon_core.shell:Creating prefix chain script '/home/tolgahan/pathron/pathron_ros2_ws/install/setup.bash'
[5.370s] INFO:colcon.colcon_core.shell:Creating prefix script '/home/tolgahan/pathron/pathron_ros2_ws/install/local_setup.zsh'
[5.370s] INFO:colcon.colcon_core.shell:Creating prefix chain script '/home/tolgahan/pathron/pathron_ros2_ws/install/setup.zsh'
