[0.007s] Invoking command in '/home/tolgahan/pathron/pathron_ros2_ws/build/custom_interfaces': CMAKE_PREFIX_PATH=${CMAKE_PREFIX_PATH}:/home/tolgahan/pathron/pathron_ros2_ws/install/motor_controller:/opt/ros/jazzy DEBUGINFOD_URLS=https://debuginfod.ubuntu.com /usr/bin/cmake /home/tolgahan/pathron/pathron_ros2_ws/src/custom_interfaces -DAMENT_CMAKE_SYMLINK_INSTALL=1 -DCMAKE_INSTALL_PREFIX=/home/tolgahan/pathron/pathron_ros2_ws/install/custom_interfaces
[0.058s] -- The C compiler identification is GNU 13.3.0
[0.098s] -- The CXX compiler identification is GNU 13.3.0
[0.113s] -- Detecting C compiler ABI info
[0.184s] -- Detecting C compiler ABI info - done
[0.190s] -- Check for working C compiler: /usr/bin/cc - skipped
[0.190s] -- Detecting C compile features
[0.190s] -- Detecting C compile features - done
[0.198s] -- Detecting CXX compiler ABI info
[0.273s] -- Detecting CXX compiler ABI info - done
[0.281s] -- Check for working CXX compiler: /usr/bin/c++ - skipped
[0.281s] -- Detecting CXX compile features
[0.281s] -- Detecting CXX compile features - done
[0.298s] -- Found ament_cmake: 2.5.4 (/opt/ros/jazzy/share/ament_cmake/cmake)
[0.408s] -- Found Python3: /usr/bin/python3 (found version "3.12.3") found components: Interpreter 
[0.459s] -- Override CMake install command with custom implementation using symlinks instead of copying resources
[0.492s] -- Found geometry_msgs: 5.3.6 (/opt/ros/jazzy/share/geometry_msgs/cmake)
[0.526s] -- Found rosidl_generator_c: 4.6.5 (/opt/ros/jazzy/share/rosidl_generator_c/cmake)
[0.537s] -- Found rosidl_generator_cpp: 4.6.5 (/opt/ros/jazzy/share/rosidl_generator_cpp/cmake)
[0.551s] -- Using all available rosidl_typesupport_c: rosidl_typesupport_fastrtps_c;rosidl_typesupport_introspection_c
[0.565s] -- Using all available rosidl_typesupport_cpp: rosidl_typesupport_fastrtps_cpp;rosidl_typesupport_introspection_cpp
[0.598s] -- Found rosidl_default_generators: 1.6.0 (/opt/ros/jazzy/share/rosidl_default_generators/cmake)
[0.611s] -- Found rosidl_adapter: 4.6.5 (/opt/ros/jazzy/share/rosidl_adapter/cmake)
[1.032s] -- Found ament_cmake_ros: 0.12.0 (/opt/ros/jazzy/share/ament_cmake_ros/cmake)
[1.609s] -- Using all available rosidl_typesupport_c: rosidl_typesupport_fastrtps_c;rosidl_typesupport_introspection_c
[1.840s] -- Using all available rosidl_typesupport_cpp: rosidl_typesupport_fastrtps_cpp;rosidl_typesupport_introspection_cpp
[1.842s] -- Found python_cmake_module: 0.11.1 (/opt/ros/jazzy/share/python_cmake_module/cmake)
[1.940s] -- Found PythonExtra: /usr/bin/python3  
[2.249s] -- Found Python3: /usr/bin/python3 (found version "3.12.3") found components: Interpreter Development NumPy Development.Module Development.Embed 
[2.287s] -- Found ament_lint_auto: 0.17.2 (/opt/ros/jazzy/share/ament_lint_auto/cmake)
[2.306s] -- Added test 'lint_cmake' to check CMake code style
[2.306s] -- Added test 'xmllint' to check XML markup files
[2.309s] -- Configuring done (2.3s)
[2.329s] -- Generating done (0.0s)
[2.335s] -- Build files have been written to: /home/tolgahan/pathron/pathron_ros2_ws/build/custom_interfaces
[2.343s] Invoked command in '/home/tolgahan/pathron/pathron_ros2_ws/build/custom_interfaces' returned '0': CMAKE_PREFIX_PATH=${CMAKE_PREFIX_PATH}:/home/tolgahan/pathron/pathron_ros2_ws/install/motor_controller:/opt/ros/jazzy DEBUGINFOD_URLS=https://debuginfod.ubuntu.com /usr/bin/cmake /home/tolgahan/pathron/pathron_ros2_ws/src/custom_interfaces -DAMENT_CMAKE_SYMLINK_INSTALL=1 -DCMAKE_INSTALL_PREFIX=/home/tolgahan/pathron/pathron_ros2_ws/install/custom_interfaces
[2.344s] Invoking command in '/home/tolgahan/pathron/pathron_ros2_ws/build/custom_interfaces': CMAKE_PREFIX_PATH=${CMAKE_PREFIX_PATH}:/home/tolgahan/pathron/pathron_ros2_ws/install/motor_controller:/opt/ros/jazzy DEBUGINFOD_URLS=https://debuginfod.ubuntu.com /usr/bin/cmake --build /home/tolgahan/pathron/pathron_ros2_ws/build/custom_interfaces -- -j12 -l12
[2.382s] [  2%] [34m[1mGenerating type hashes for ROS interfaces[0m
[2.391s] [  2%] Built target ament_cmake_python_symlink_custom_interfaces
[2.507s] [  2%] Built target custom_interfaces__rosidl_generator_type_description
[2.515s] [  5%] [34m[1mGenerating C code for ROS interfaces[0m
[2.523s] [  8%] [34m[1mGenerating C++ code for ROS interfaces[0m
[2.524s] running egg_info
[2.525s] creating custom_interfaces.egg-info
[2.536s] writing custom_interfaces.egg-info/PKG-INFO
[2.536s] writing dependency_links to custom_interfaces.egg-info/dependency_links.txt
[2.536s] writing top-level names to custom_interfaces.egg-info/top_level.txt
[2.536s] writing manifest file 'custom_interfaces.egg-info/SOURCES.txt'
[2.569s] reading manifest file 'custom_interfaces.egg-info/SOURCES.txt'
[2.570s] writing manifest file 'custom_interfaces.egg-info/SOURCES.txt'
[2.591s] [  8%] Built target ament_cmake_python_build_custom_interfaces_egg
[2.677s] [  8%] Built target custom_interfaces__cpp
[2.688s] [ 14%] [32mBuilding C object CMakeFiles/custom_interfaces__rosidl_generator_c.dir/rosidl_generator_c/custom_interfaces/msg/detail/motor_control__functions.c.o[0m
[2.688s] [ 14%] [32mBuilding C object CMakeFiles/custom_interfaces__rosidl_generator_c.dir/rosidl_generator_c/custom_interfaces/msg/detail/motor_control__description.c.o[0m
[2.691s] [ 17%] [32mBuilding C object CMakeFiles/custom_interfaces__rosidl_generator_c.dir/rosidl_generator_c/custom_interfaces/msg/detail/motor_control__type_support.c.o[0m
[2.722s] [ 20%] [32m[1mLinking C shared library libcustom_interfaces__rosidl_generator_c.so[0m
[2.752s] [ 20%] Built target custom_interfaces__rosidl_generator_c
[2.760s] [ 26%] [34m[1mGenerating C type support dispatch for ROS interfaces[0m
[2.760s] [ 26%] [34m[1mGenerating C type support for eProsima Fast-RTPS[0m
[2.761s] [ 29%] [34m[1mGenerating C++ type support for eProsima Fast-RTPS[0m
[2.762s] [ 32%] [34m[1mGenerating C++ type support dispatch for ROS interfaces[0m
[2.763s] [ 38%] [34m[1mGenerating C++ introspection for ROS interfaces[0m
[2.763s] [ 38%] [34m[1mGenerating C introspection for ROS interfaces[0m
[2.965s] [ 41%] [32mBuilding CXX object CMakeFiles/custom_interfaces__rosidl_typesupport_fastrtps_c.dir/rosidl_typesupport_fastrtps_c/custom_interfaces/msg/detail/motor_control__type_support_c.cpp.o[0m
[2.969s] [ 44%] [32mBuilding CXX object CMakeFiles/custom_interfaces__rosidl_typesupport_introspection_cpp.dir/rosidl_typesupport_introspection_cpp/custom_interfaces/msg/detail/motor_control__type_support.cpp.o[0m
[2.987s] [ 47%] [32mBuilding C object CMakeFiles/custom_interfaces__rosidl_typesupport_introspection_c.dir/rosidl_typesupport_introspection_c/custom_interfaces/msg/detail/motor_control__type_support.c.o[0m
[2.996s] [ 50%] [32mBuilding CXX object CMakeFiles/custom_interfaces__rosidl_typesupport_cpp.dir/rosidl_typesupport_cpp/custom_interfaces/msg/motor_control__type_support.cpp.o[0m
[3.003s] [ 52%] [32mBuilding CXX object CMakeFiles/custom_interfaces__rosidl_typesupport_c.dir/rosidl_typesupport_c/custom_interfaces/msg/motor_control__type_support.cpp.o[0m
[3.022s] [ 55%] [32m[1mLinking C shared library libcustom_interfaces__rosidl_typesupport_introspection_c.so[0m
[3.031s] [ 58%] [32mBuilding CXX object CMakeFiles/custom_interfaces__rosidl_typesupport_fastrtps_cpp.dir/rosidl_typesupport_fastrtps_cpp/custom_interfaces/msg/detail/dds_fastrtps/motor_control__type_support.cpp.o[0m
[3.043s] [ 61%] [32m[1mLinking CXX shared library libcustom_interfaces__rosidl_typesupport_c.so[0m
[3.046s] [ 61%] Built target custom_interfaces__rosidl_typesupport_introspection_c
[3.089s] [ 61%] Built target custom_interfaces__rosidl_typesupport_c
[3.199s] [ 64%] [32m[1mLinking CXX shared library libcustom_interfaces__rosidl_typesupport_introspection_cpp.so[0m
[3.219s] [ 67%] [32m[1mLinking CXX shared library libcustom_interfaces__rosidl_typesupport_cpp.so[0m
[3.236s] [ 67%] Built target custom_interfaces__rosidl_typesupport_introspection_cpp
[3.254s] [ 67%] Built target custom_interfaces__rosidl_typesupport_cpp
[3.279s] [ 70%] [32m[1mLinking CXX shared library libcustom_interfaces__rosidl_typesupport_fastrtps_c.so[0m
[3.316s] [ 70%] Built target custom_interfaces__rosidl_typesupport_fastrtps_c
[3.348s] [ 73%] [32m[1mLinking CXX shared library libcustom_interfaces__rosidl_typesupport_fastrtps_cpp.so[0m
[3.383s] [ 73%] Built target custom_interfaces__rosidl_typesupport_fastrtps_cpp
[3.401s] [ 73%] Built target custom_interfaces
[3.421s] [ 76%] [34m[1mGenerating Python code for ROS interfaces[0m
[3.610s] [ 76%] Built target custom_interfaces__py
[3.629s] [ 79%] [32mBuilding C object CMakeFiles/custom_interfaces__rosidl_generator_py.dir/rosidl_generator_py/custom_interfaces/msg/_motor_control_s.c.o[0m
[3.703s] [ 82%] [32m[1mLinking C shared library libcustom_interfaces__rosidl_generator_py.so[0m
[3.739s] [ 82%] Built target custom_interfaces__rosidl_generator_py
[3.754s] [ 85%] [32mBuilding C object CMakeFiles/custom_interfaces_s__rosidl_typesupport_c.dir/rosidl_generator_py/custom_interfaces/_custom_interfaces_s.ep.rosidl_typesupport_c.c.o[0m
[3.756s] [ 88%] [32mBuilding C object CMakeFiles/custom_interfaces_s__rosidl_typesupport_fastrtps_c.dir/rosidl_generator_py/custom_interfaces/_custom_interfaces_s.ep.rosidl_typesupport_fastrtps_c.c.o[0m
[3.757s] [ 91%] [32mBuilding C object CMakeFiles/custom_interfaces_s__rosidl_typesupport_introspection_c.dir/rosidl_generator_py/custom_interfaces/_custom_interfaces_s.ep.rosidl_typesupport_introspection_c.c.o[0m
[3.818s] [ 94%] [32m[1mLinking C shared module rosidl_generator_py/custom_interfaces/custom_interfaces_s__rosidl_typesupport_c.so[0m
[3.821s] [ 97%] [32m[1mLinking C shared module rosidl_generator_py/custom_interfaces/custom_interfaces_s__rosidl_typesupport_fastrtps_c.so[0m
[3.824s] [100%] [32m[1mLinking C shared module rosidl_generator_py/custom_interfaces/custom_interfaces_s__rosidl_typesupport_introspection_c.so[0m
[3.841s] [100%] Built target custom_interfaces_s__rosidl_typesupport_c
[3.850s] [100%] Built target custom_interfaces_s__rosidl_typesupport_fastrtps_c
[3.851s] [100%] Built target custom_interfaces_s__rosidl_typesupport_introspection_c
[3.859s] Invoked command in '/home/tolgahan/pathron/pathron_ros2_ws/build/custom_interfaces' returned '0': CMAKE_PREFIX_PATH=${CMAKE_PREFIX_PATH}:/home/tolgahan/pathron/pathron_ros2_ws/install/motor_controller:/opt/ros/jazzy DEBUGINFOD_URLS=https://debuginfod.ubuntu.com /usr/bin/cmake --build /home/tolgahan/pathron/pathron_ros2_ws/build/custom_interfaces -- -j12 -l12
[3.869s] Invoking command in '/home/tolgahan/pathron/pathron_ros2_ws/build/custom_interfaces': CMAKE_PREFIX_PATH=${CMAKE_PREFIX_PATH}:/home/tolgahan/pathron/pathron_ros2_ws/install/motor_controller:/opt/ros/jazzy DEBUGINFOD_URLS=https://debuginfod.ubuntu.com /usr/bin/cmake --install /home/tolgahan/pathron/pathron_ros2_ws/build/custom_interfaces
[3.878s] -- Install configuration: ""
[3.879s] -- Execute custom install script
[3.879s] -- Symlinking: /home/tolgahan/pathron/pathron_ros2_ws/install/custom_interfaces/share/ament_index/resource_index/rosidl_interfaces/custom_interfaces
[3.888s] -- Symlinking: /home/tolgahan/pathron/pathron_ros2_ws/install/custom_interfaces/share/custom_interfaces/msg/MotorControl.json
[3.898s] -- Symlinking: /home/tolgahan/pathron/pathron_ros2_ws/install/custom_interfaces/include/custom_interfaces/custom_interfaces/msg/detail/motor_control__functions.h
[3.904s] -- Symlinking: /home/tolgahan/pathron/pathron_ros2_ws/install/custom_interfaces/include/custom_interfaces/custom_interfaces/msg/detail/motor_control__struct.h
[3.910s] -- Symlinking: /home/tolgahan/pathron/pathron_ros2_ws/install/custom_interfaces/include/custom_interfaces/custom_interfaces/msg/detail/motor_control__type_support.h
[3.917s] -- Symlinking: /home/tolgahan/pathron/pathron_ros2_ws/install/custom_interfaces/include/custom_interfaces/custom_interfaces/msg/motor_control.h
[3.924s] -- Symlinking: /home/tolgahan/pathron/pathron_ros2_ws/install/custom_interfaces/include/custom_interfaces/custom_interfaces/msg/rosidl_generator_c__visibility_control.h
[3.932s] -- Symlinking: /home/tolgahan/pathron/pathron_ros2_ws/install/custom_interfaces/share/custom_interfaces/environment/library_path.sh
[3.938s] -- Symlinking: /home/tolgahan/pathron/pathron_ros2_ws/install/custom_interfaces/share/custom_interfaces/environment/library_path.dsv
[3.944s] -- Symlinking: /home/tolgahan/pathron/pathron_ros2_ws/install/custom_interfaces/include/custom_interfaces/custom_interfaces/msg/detail/motor_control__rosidl_typesupport_fastrtps_c.h
[3.949s] -- Symlinking: /home/tolgahan/pathron/pathron_ros2_ws/install/custom_interfaces/include/custom_interfaces/custom_interfaces/msg/rosidl_typesupport_fastrtps_c__visibility_control.h
[3.957s] -- Symlinking: /home/tolgahan/pathron/pathron_ros2_ws/install/custom_interfaces/include/custom_interfaces/custom_interfaces/msg/detail/motor_control__builder.hpp
[3.963s] -- Symlinking: /home/tolgahan/pathron/pathron_ros2_ws/install/custom_interfaces/include/custom_interfaces/custom_interfaces/msg/detail/motor_control__struct.hpp
[3.969s] -- Symlinking: /home/tolgahan/pathron/pathron_ros2_ws/install/custom_interfaces/include/custom_interfaces/custom_interfaces/msg/detail/motor_control__traits.hpp
[3.975s] -- Symlinking: /home/tolgahan/pathron/pathron_ros2_ws/install/custom_interfaces/include/custom_interfaces/custom_interfaces/msg/detail/motor_control__type_support.hpp
[3.981s] -- Symlinking: /home/tolgahan/pathron/pathron_ros2_ws/install/custom_interfaces/include/custom_interfaces/custom_interfaces/msg/motor_control.hpp
[3.986s] -- Symlinking: /home/tolgahan/pathron/pathron_ros2_ws/install/custom_interfaces/include/custom_interfaces/custom_interfaces/msg/rosidl_generator_cpp__visibility_control.hpp
[3.992s] -- Symlinking: /home/tolgahan/pathron/pathron_ros2_ws/install/custom_interfaces/include/custom_interfaces/custom_interfaces/msg/detail/motor_control__rosidl_typesupport_fastrtps_cpp.hpp
[3.999s] -- Symlinking: /home/tolgahan/pathron/pathron_ros2_ws/install/custom_interfaces/include/custom_interfaces/custom_interfaces/msg/rosidl_typesupport_fastrtps_cpp__visibility_control.h
[4.005s] -- Symlinking: /home/tolgahan/pathron/pathron_ros2_ws/install/custom_interfaces/include/custom_interfaces/custom_interfaces/msg/detail/motor_control__rosidl_typesupport_introspection_c.h
[4.012s] -- Symlinking: /home/tolgahan/pathron/pathron_ros2_ws/install/custom_interfaces/include/custom_interfaces/custom_interfaces/msg/rosidl_typesupport_introspection_c__visibility_control.h
[4.020s] -- Symlinking: /home/tolgahan/pathron/pathron_ros2_ws/install/custom_interfaces/include/custom_interfaces/custom_interfaces/msg/detail/motor_control__rosidl_typesupport_introspection_cpp.hpp
[4.027s] -- Symlinking: /home/tolgahan/pathron/pathron_ros2_ws/install/custom_interfaces/share/custom_interfaces/environment/pythonpath.sh
[4.036s] -- Symlinking: /home/tolgahan/pathron/pathron_ros2_ws/install/custom_interfaces/share/custom_interfaces/environment/pythonpath.dsv
[4.042s] -- Symlinking: /home/tolgahan/pathron/pathron_ros2_ws/install/custom_interfaces/lib/python3.12/site-packages/custom_interfaces-0.0.0-py3.12.egg-info/PKG-INFO
[4.050s] -- Symlinking: /home/tolgahan/pathron/pathron_ros2_ws/install/custom_interfaces/lib/python3.12/site-packages/custom_interfaces-0.0.0-py3.12.egg-info/SOURCES.txt
[4.056s] -- Symlinking: /home/tolgahan/pathron/pathron_ros2_ws/install/custom_interfaces/lib/python3.12/site-packages/custom_interfaces-0.0.0-py3.12.egg-info/dependency_links.txt
[4.063s] -- Symlinking: /home/tolgahan/pathron/pathron_ros2_ws/install/custom_interfaces/lib/python3.12/site-packages/custom_interfaces-0.0.0-py3.12.egg-info/top_level.txt
[4.072s] -- Symlinking: /home/tolgahan/pathron/pathron_ros2_ws/install/custom_interfaces/lib/python3.12/site-packages/custom_interfaces/__init__.py
[4.077s] -- Symlinking: /home/tolgahan/pathron/pathron_ros2_ws/install/custom_interfaces/lib/python3.12/site-packages/custom_interfaces/_custom_interfaces_s.ep.rosidl_typesupport_c.c
[4.085s] -- Symlinking: /home/tolgahan/pathron/pathron_ros2_ws/install/custom_interfaces/lib/python3.12/site-packages/custom_interfaces/_custom_interfaces_s.ep.rosidl_typesupport_fastrtps_c.c
[4.091s] -- Symlinking: /home/tolgahan/pathron/pathron_ros2_ws/install/custom_interfaces/lib/python3.12/site-packages/custom_interfaces/_custom_interfaces_s.ep.rosidl_typesupport_introspection_c.c
[4.098s] -- Symlinking: /home/tolgahan/pathron/pathron_ros2_ws/install/custom_interfaces/lib/python3.12/site-packages/custom_interfaces/custom_interfaces_s__rosidl_typesupport_c.so
[4.103s] -- Symlinking: /home/tolgahan/pathron/pathron_ros2_ws/install/custom_interfaces/lib/python3.12/site-packages/custom_interfaces/custom_interfaces_s__rosidl_typesupport_fastrtps_c.so
[4.109s] -- Symlinking: /home/tolgahan/pathron/pathron_ros2_ws/install/custom_interfaces/lib/python3.12/site-packages/custom_interfaces/custom_interfaces_s__rosidl_typesupport_introspection_c.so
[4.115s] -- Symlinking: /home/tolgahan/pathron/pathron_ros2_ws/install/custom_interfaces/lib/python3.12/site-packages/custom_interfaces/msg/__init__.py
[4.123s] -- Symlinking: /home/tolgahan/pathron/pathron_ros2_ws/install/custom_interfaces/lib/python3.12/site-packages/custom_interfaces/msg/_motor_control.py
[4.130s] -- Symlinking: /home/tolgahan/pathron/pathron_ros2_ws/install/custom_interfaces/lib/python3.12/site-packages/custom_interfaces/msg/_motor_control_s.c
[4.137s] -- Up-to-date symlink: /home/tolgahan/pathron/pathron_ros2_ws/install/custom_interfaces/lib/python3.12/site-packages/custom_interfaces/custom_interfaces_s__rosidl_typesupport_fastrtps_c.so
[4.137s] -- Up-to-date symlink: /home/tolgahan/pathron/pathron_ros2_ws/install/custom_interfaces/lib/python3.12/site-packages/custom_interfaces/custom_interfaces_s__rosidl_typesupport_introspection_c.so
[4.137s] -- Up-to-date symlink: /home/tolgahan/pathron/pathron_ros2_ws/install/custom_interfaces/lib/python3.12/site-packages/custom_interfaces/custom_interfaces_s__rosidl_typesupport_c.so
[4.137s] -- Symlinking: /home/tolgahan/pathron/pathron_ros2_ws/install/custom_interfaces/share/custom_interfaces/msg/MotorControl.idl
[4.146s] -- Symlinking: /home/tolgahan/pathron/pathron_ros2_ws/install/custom_interfaces/share/custom_interfaces/msg/MotorControl.msg
[4.153s] -- Symlinking: /home/tolgahan/pathron/pathron_ros2_ws/install/custom_interfaces/share/ament_index/resource_index/package_run_dependencies/custom_interfaces
[4.160s] -- Symlinking: /home/tolgahan/pathron/pathron_ros2_ws/install/custom_interfaces/share/ament_index/resource_index/parent_prefix_path/custom_interfaces
[4.166s] -- Symlinking: /home/tolgahan/pathron/pathron_ros2_ws/install/custom_interfaces/share/custom_interfaces/environment/ament_prefix_path.sh
[4.173s] -- Symlinking: /home/tolgahan/pathron/pathron_ros2_ws/install/custom_interfaces/share/custom_interfaces/environment/ament_prefix_path.dsv
[4.179s] -- Symlinking: /home/tolgahan/pathron/pathron_ros2_ws/install/custom_interfaces/share/custom_interfaces/environment/path.sh
[4.185s] -- Symlinking: /home/tolgahan/pathron/pathron_ros2_ws/install/custom_interfaces/share/custom_interfaces/environment/path.dsv
[4.193s] -- Symlinking: /home/tolgahan/pathron/pathron_ros2_ws/install/custom_interfaces/share/custom_interfaces/local_setup.bash
[4.200s] -- Symlinking: /home/tolgahan/pathron/pathron_ros2_ws/install/custom_interfaces/share/custom_interfaces/local_setup.sh
[4.205s] -- Symlinking: /home/tolgahan/pathron/pathron_ros2_ws/install/custom_interfaces/share/custom_interfaces/local_setup.zsh
[4.212s] -- Symlinking: /home/tolgahan/pathron/pathron_ros2_ws/install/custom_interfaces/share/custom_interfaces/local_setup.dsv
[4.218s] -- Symlinking: /home/tolgahan/pathron/pathron_ros2_ws/install/custom_interfaces/share/custom_interfaces/package.dsv
[4.224s] -- Symlinking: /home/tolgahan/pathron/pathron_ros2_ws/install/custom_interfaces/share/ament_index/resource_index/packages/custom_interfaces
[4.230s] -- Symlinking: /home/tolgahan/pathron/pathron_ros2_ws/install/custom_interfaces/share/custom_interfaces/cmake/rosidl_cmake-extras.cmake
[4.236s] -- Symlinking: /home/tolgahan/pathron/pathron_ros2_ws/install/custom_interfaces/share/custom_interfaces/cmake/ament_cmake_export_dependencies-extras.cmake
[4.245s] -- Symlinking: /home/tolgahan/pathron/pathron_ros2_ws/install/custom_interfaces/share/custom_interfaces/cmake/ament_cmake_export_include_directories-extras.cmake
[4.253s] -- Symlinking: /home/tolgahan/pathron/pathron_ros2_ws/install/custom_interfaces/share/custom_interfaces/cmake/ament_cmake_export_libraries-extras.cmake
[4.260s] -- Symlinking: /home/tolgahan/pathron/pathron_ros2_ws/install/custom_interfaces/share/custom_interfaces/cmake/ament_cmake_export_targets-extras.cmake
[4.266s] -- Symlinking: /home/tolgahan/pathron/pathron_ros2_ws/install/custom_interfaces/share/custom_interfaces/cmake/rosidl_cmake_export_typesupport_targets-extras.cmake
[4.273s] -- Symlinking: /home/tolgahan/pathron/pathron_ros2_ws/install/custom_interfaces/share/custom_interfaces/cmake/rosidl_cmake_export_typesupport_libraries-extras.cmake
[4.280s] -- Symlinking: /home/tolgahan/pathron/pathron_ros2_ws/install/custom_interfaces/share/custom_interfaces/cmake/custom_interfacesConfig.cmake
[4.286s] -- Symlinking: /home/tolgahan/pathron/pathron_ros2_ws/install/custom_interfaces/share/custom_interfaces/cmake/custom_interfacesConfig-version.cmake
[4.292s] -- Symlinking: /home/tolgahan/pathron/pathron_ros2_ws/install/custom_interfaces/share/custom_interfaces/package.xml
[4.297s] -- Installing: /home/tolgahan/pathron/pathron_ros2_ws/install/custom_interfaces/lib/libcustom_interfaces__rosidl_generator_c.so
[4.297s] -- Set non-toolchain portion of runtime path of "/home/tolgahan/pathron/pathron_ros2_ws/install/custom_interfaces/lib/libcustom_interfaces__rosidl_generator_c.so" to ""
[4.297s] -- Installing: /home/tolgahan/pathron/pathron_ros2_ws/install/custom_interfaces/lib/libcustom_interfaces__rosidl_typesupport_fastrtps_c.so
[4.298s] -- Set non-toolchain portion of runtime path of "/home/tolgahan/pathron/pathron_ros2_ws/install/custom_interfaces/lib/libcustom_interfaces__rosidl_typesupport_fastrtps_c.so" to ""
[4.298s] -- Installing: /home/tolgahan/pathron/pathron_ros2_ws/install/custom_interfaces/lib/libcustom_interfaces__rosidl_typesupport_fastrtps_cpp.so
[4.298s] -- Set non-toolchain portion of runtime path of "/home/tolgahan/pathron/pathron_ros2_ws/install/custom_interfaces/lib/libcustom_interfaces__rosidl_typesupport_fastrtps_cpp.so" to ""
[4.298s] -- Installing: /home/tolgahan/pathron/pathron_ros2_ws/install/custom_interfaces/lib/libcustom_interfaces__rosidl_typesupport_introspection_c.so
[4.298s] -- Set non-toolchain portion of runtime path of "/home/tolgahan/pathron/pathron_ros2_ws/install/custom_interfaces/lib/libcustom_interfaces__rosidl_typesupport_introspection_c.so" to ""
[4.298s] -- Installing: /home/tolgahan/pathron/pathron_ros2_ws/install/custom_interfaces/lib/libcustom_interfaces__rosidl_typesupport_c.so
[4.298s] -- Set non-toolchain portion of runtime path of "/home/tolgahan/pathron/pathron_ros2_ws/install/custom_interfaces/lib/libcustom_interfaces__rosidl_typesupport_c.so" to ""
[4.298s] -- Installing: /home/tolgahan/pathron/pathron_ros2_ws/install/custom_interfaces/lib/libcustom_interfaces__rosidl_typesupport_introspection_cpp.so
[4.298s] -- Set non-toolchain portion of runtime path of "/home/tolgahan/pathron/pathron_ros2_ws/install/custom_interfaces/lib/libcustom_interfaces__rosidl_typesupport_introspection_cpp.so" to ""
[4.298s] -- Installing: /home/tolgahan/pathron/pathron_ros2_ws/install/custom_interfaces/lib/libcustom_interfaces__rosidl_typesupport_cpp.so
[4.298s] -- Set non-toolchain portion of runtime path of "/home/tolgahan/pathron/pathron_ros2_ws/install/custom_interfaces/lib/libcustom_interfaces__rosidl_typesupport_cpp.so" to ""
[4.326s] Listing '/home/tolgahan/pathron/pathron_ros2_ws/install/custom_interfaces/lib/python3.12/site-packages/custom_interfaces'...
[4.326s] Compiling '/home/tolgahan/pathron/pathron_ros2_ws/install/custom_interfaces/lib/python3.12/site-packages/custom_interfaces/__init__.py'...
[4.326s] Listing '/home/tolgahan/pathron/pathron_ros2_ws/install/custom_interfaces/lib/python3.12/site-packages/custom_interfaces/msg'...
[4.326s] Compiling '/home/tolgahan/pathron/pathron_ros2_ws/install/custom_interfaces/lib/python3.12/site-packages/custom_interfaces/msg/__init__.py'...
[4.326s] Compiling '/home/tolgahan/pathron/pathron_ros2_ws/install/custom_interfaces/lib/python3.12/site-packages/custom_interfaces/msg/_motor_control.py'...
[4.330s] -- Installing: /home/tolgahan/pathron/pathron_ros2_ws/install/custom_interfaces/lib/libcustom_interfaces__rosidl_generator_py.so
[4.330s] -- Set non-toolchain portion of runtime path of "/home/tolgahan/pathron/pathron_ros2_ws/install/custom_interfaces/lib/libcustom_interfaces__rosidl_generator_py.so" to ""
[4.330s] -- Installing: /home/tolgahan/pathron/pathron_ros2_ws/install/custom_interfaces/share/custom_interfaces/cmake/export_custom_interfaces__rosidl_generator_cExport.cmake
[4.330s] -- Installing: /home/tolgahan/pathron/pathron_ros2_ws/install/custom_interfaces/share/custom_interfaces/cmake/export_custom_interfaces__rosidl_generator_cExport-noconfig.cmake
[4.330s] -- Installing: /home/tolgahan/pathron/pathron_ros2_ws/install/custom_interfaces/share/custom_interfaces/cmake/export_custom_interfaces__rosidl_typesupport_fastrtps_cExport.cmake
[4.330s] -- Installing: /home/tolgahan/pathron/pathron_ros2_ws/install/custom_interfaces/share/custom_interfaces/cmake/export_custom_interfaces__rosidl_typesupport_fastrtps_cExport-noconfig.cmake
[4.330s] -- Installing: /home/tolgahan/pathron/pathron_ros2_ws/install/custom_interfaces/share/custom_interfaces/cmake/export_custom_interfaces__rosidl_generator_cppExport.cmake
[4.330s] -- Installing: /home/tolgahan/pathron/pathron_ros2_ws/install/custom_interfaces/share/custom_interfaces/cmake/export_custom_interfaces__rosidl_typesupport_fastrtps_cppExport.cmake
[4.330s] -- Installing: /home/tolgahan/pathron/pathron_ros2_ws/install/custom_interfaces/share/custom_interfaces/cmake/export_custom_interfaces__rosidl_typesupport_fastrtps_cppExport-noconfig.cmake
[4.330s] -- Installing: /home/tolgahan/pathron/pathron_ros2_ws/install/custom_interfaces/share/custom_interfaces/cmake/custom_interfaces__rosidl_typesupport_introspection_cExport.cmake
[4.331s] -- Installing: /home/tolgahan/pathron/pathron_ros2_ws/install/custom_interfaces/share/custom_interfaces/cmake/custom_interfaces__rosidl_typesupport_introspection_cExport-noconfig.cmake
[4.331s] -- Installing: /home/tolgahan/pathron/pathron_ros2_ws/install/custom_interfaces/share/custom_interfaces/cmake/custom_interfaces__rosidl_typesupport_cExport.cmake
[4.331s] -- Installing: /home/tolgahan/pathron/pathron_ros2_ws/install/custom_interfaces/share/custom_interfaces/cmake/custom_interfaces__rosidl_typesupport_cExport-noconfig.cmake
[4.331s] -- Installing: /home/tolgahan/pathron/pathron_ros2_ws/install/custom_interfaces/share/custom_interfaces/cmake/custom_interfaces__rosidl_typesupport_introspection_cppExport.cmake
[4.331s] -- Installing: /home/tolgahan/pathron/pathron_ros2_ws/install/custom_interfaces/share/custom_interfaces/cmake/custom_interfaces__rosidl_typesupport_introspection_cppExport-noconfig.cmake
[4.331s] -- Installing: /home/tolgahan/pathron/pathron_ros2_ws/install/custom_interfaces/share/custom_interfaces/cmake/custom_interfaces__rosidl_typesupport_cppExport.cmake
[4.331s] -- Installing: /home/tolgahan/pathron/pathron_ros2_ws/install/custom_interfaces/share/custom_interfaces/cmake/custom_interfaces__rosidl_typesupport_cppExport-noconfig.cmake
[4.331s] -- Installing: /home/tolgahan/pathron/pathron_ros2_ws/install/custom_interfaces/share/custom_interfaces/cmake/export_custom_interfaces__rosidl_generator_pyExport.cmake
[4.331s] -- Installing: /home/tolgahan/pathron/pathron_ros2_ws/install/custom_interfaces/share/custom_interfaces/cmake/export_custom_interfaces__rosidl_generator_pyExport-noconfig.cmake
[4.332s] Invoked command in '/home/tolgahan/pathron/pathron_ros2_ws/build/custom_interfaces' returned '0': CMAKE_PREFIX_PATH=${CMAKE_PREFIX_PATH}:/home/tolgahan/pathron/pathron_ros2_ws/install/motor_controller:/opt/ros/jazzy DEBUGINFOD_URLS=https://debuginfod.ubuntu.com /usr/bin/cmake --install /home/tolgahan/pathron/pathron_ros2_ws/build/custom_interfaces
